[INFO][2021-04-25 11:31:06,875][org.apache.zookeeper.ZooKeeper]Client environment:zookeeper.version=3.6.3--6401e4ad2087061bc6b9f80dec2d69f2e3c8660a, built on 04/08/2021 16:35 GMT
[INFO][2021-04-25 11:31:06,877][org.apache.zookeeper.ZooKeeper]Client environment:host.name=LAPTOP-D0IP0ECG
[INFO][2021-04-25 11:31:06,877][org.apache.zookeeper.ZooKeeper]Client environment:java.version=1.8.0_181
[INFO][2021-04-25 11:31:06,877][org.apache.zookeeper.ZooKeeper]Client environment:java.vendor=Oracle Corporation
[INFO][2021-04-25 11:31:06,879][org.apache.zookeeper.ZooKeeper]Client environment:java.home=D:\SDK\Java8_181\jre
[INFO][2021-04-25 11:31:06,879][org.apache.zookeeper.ZooKeeper]Client environment:java.class.path=D:\SDK\Java8_181\jre\lib\charsets.jar;D:\SDK\Java8_181\jre\lib\deploy.jar;D:\SDK\Java8_181\jre\lib\ext\access-bridge-64.jar;D:\SDK\Java8_181\jre\lib\ext\cldrdata.jar;D:\SDK\Java8_181\jre\lib\ext\dnsns.jar;D:\SDK\Java8_181\jre\lib\ext\jaccess.jar;D:\SDK\Java8_181\jre\lib\ext\jfxrt.jar;D:\SDK\Java8_181\jre\lib\ext\localedata.jar;D:\SDK\Java8_181\jre\lib\ext\nashorn.jar;D:\SDK\Java8_181\jre\lib\ext\sunec.jar;D:\SDK\Java8_181\jre\lib\ext\sunjce_provider.jar;D:\SDK\Java8_181\jre\lib\ext\sunmscapi.jar;D:\SDK\Java8_181\jre\lib\ext\sunpkcs11.jar;D:\SDK\Java8_181\jre\lib\ext\zipfs.jar;D:\SDK\Java8_181\jre\lib\javaws.jar;D:\SDK\Java8_181\jre\lib\jce.jar;D:\SDK\Java8_181\jre\lib\jfr.jar;D:\SDK\Java8_181\jre\lib\jfxswt.jar;D:\SDK\Java8_181\jre\lib\jsse.jar;D:\SDK\Java8_181\jre\lib\management-agent.jar;D:\SDK\Java8_181\jre\lib\plugin.jar;D:\SDK\Java8_181\jre\lib\resources.jar;D:\SDK\Java8_181\jre\lib\rt.jar;F:\code\Demo\zookeeper\target\classes;E:\.m2\repository\org\apache\zookeeper\zookeeper\3.6.3\zookeeper-3.6.3.jar;E:\.m2\repository\org\apache\zookeeper\zookeeper-jute\3.6.3\zookeeper-jute-3.6.3.jar;E:\.m2\repository\org\apache\yetus\audience-annotations\0.5.0\audience-annotations-0.5.0.jar;E:\.m2\repository\io\netty\netty-handler\4.1.63.Final\netty-handler-4.1.63.Final.jar;E:\.m2\repository\io\netty\netty-common\4.1.63.Final\netty-common-4.1.63.Final.jar;E:\.m2\repository\io\netty\netty-resolver\4.1.63.Final\netty-resolver-4.1.63.Final.jar;E:\.m2\repository\io\netty\netty-buffer\4.1.63.Final\netty-buffer-4.1.63.Final.jar;E:\.m2\repository\io\netty\netty-transport\4.1.63.Final\netty-transport-4.1.63.Final.jar;E:\.m2\repository\io\netty\netty-codec\4.1.63.Final\netty-codec-4.1.63.Final.jar;E:\.m2\repository\io\netty\netty-transport-native-epoll\4.1.63.Final\netty-transport-native-epoll-4.1.63.Final.jar;E:\.m2\repository\io\netty\netty-transport-native-unix-common\4.1.63.Final\netty-transport-native-unix-common-4.1.63.Final.jar;E:\.m2\repository\org\slf4j\slf4j-api\1.7.25\slf4j-api-1.7.25.jar;E:\.m2\repository\org\slf4j\slf4j-log4j12\1.7.25\slf4j-log4j12-1.7.25.jar;E:\.m2\repository\log4j\log4j\1.2.17\log4j-1.2.17.jar;D:\Programs\JetBrains\IntelliJ IDEA 2018.3.6\lib\idea_rt.jar
[INFO][2021-04-25 11:31:06,879][org.apache.zookeeper.ZooKeeper]Client environment:java.library.path=D:\SDK\Java8_181\bin;C:\windows\Sun\Java\bin;C:\windows\system32;C:\windows;D:\SDK\Python38\Scripts\;D:\SDK\Python38\;D:\Programs\NetSarang\Xshell 6\;C:\windows\system32;C:\windows;C:\windows\System32\Wbem;C:\windows\System32\WindowsPowerShell\v1.0\;C:\windows\System32\OpenSSH\;C:\Program Files (x86)\NVIDIA Corporation\PhysX\Common;C:\Program Files\NVIDIA Corporation\NVIDIA NvDLISR;C:\Program Files\Git\cmd;D:\SDK\Java8_181\bin;D:\SDK\gradle-5.4.1\bin;D:\Programs\nodejs\;C:\Users\zhangweixiao\AppData\Local\Android\Sdk\platform-tools;C:\Program Files\Git\usr\bin;D:\SDK\mysql-5.7.31-winx64\bin;C:\Program Files\Redis\;D:\Programs\dex2jar-2.0;D:\SDK\apache-maven-3.5.0\bin;D:\SDK\apache-zookeeper-3.5.8-bin\bin;C:\Program Files\JSONBuddy;C:\Users\zhangweixiao\AppData\Local\Microsoft\WindowsApps;C:\Users\zhangweixiao\AppData\Local\Programs\Fiddler;C:\Users\zhangweixiao\AppData\Roaming\npm;D:\Programs\dex2jar-2.0;;C:\Users\zhangweixiao\AppData\Local\Programs\Microsoft VS Code\bin;D:\Program Files\Graphviz\bin;.
[INFO][2021-04-25 11:31:06,880][org.apache.zookeeper.ZooKeeper]Client environment:java.io.tmpdir=C:\Users\ZHANGW~1\AppData\Local\Temp\
[INFO][2021-04-25 11:31:06,880][org.apache.zookeeper.ZooKeeper]Client environment:java.compiler=<NA>
[INFO][2021-04-25 11:31:06,880][org.apache.zookeeper.ZooKeeper]Client environment:os.name=Windows 10
[INFO][2021-04-25 11:31:06,880][org.apache.zookeeper.ZooKeeper]Client environment:os.arch=amd64
[INFO][2021-04-25 11:31:06,880][org.apache.zookeeper.ZooKeeper]Client environment:os.version=10.0
[INFO][2021-04-25 11:31:06,880][org.apache.zookeeper.ZooKeeper]Client environment:user.name=zhangweixiao
[INFO][2021-04-25 11:31:06,880][org.apache.zookeeper.ZooKeeper]Client environment:user.home=C:\Users\zhangweixiao
[INFO][2021-04-25 11:31:06,880][org.apache.zookeeper.ZooKeeper]Client environment:user.dir=F:\code\Demo\zookeeper
[INFO][2021-04-25 11:31:06,880][org.apache.zookeeper.ZooKeeper]Client environment:os.memory.free=222MB
[INFO][2021-04-25 11:31:06,881][org.apache.zookeeper.ZooKeeper]Client environment:os.memory.max=3497MB
[INFO][2021-04-25 11:31:06,881][org.apache.zookeeper.ZooKeeper]Client environment:os.memory.total=236MB
[INFO][2021-04-25 11:31:06,885][org.apache.zookeeper.ZooKeeper]Initiating client connection, connectString=localhost:2181 sessionTimeout=5000 watcher=com.tuowazi.zookeeper.ListGroup@4629104a
[INFO][2021-04-25 11:31:06,888][org.apache.zookeeper.common.X509Util]Setting -D jdk.tls.rejectClientInitiatedRenegotiation=true to disable client-initiated TLS renegotiation
[INFO][2021-04-25 11:31:07,285][org.apache.zookeeper.ClientCnxnSocket]jute.maxbuffer value is 1048575 Bytes
[INFO][2021-04-25 11:31:07,290][org.apache.zookeeper.ClientCnxn]zookeeper.request.timeout value is 0. feature enabled=false
[DEBUG][2021-04-25 11:31:07,297][org.apache.zookeeper.SaslServerPrincipal]Canonicalized address to localhost
[INFO][2021-04-25 11:31:07,299][org.apache.zookeeper.ClientCnxn]Opening socket connection to server localhost/0:0:0:0:0:0:0:1:2181.
[INFO][2021-04-25 11:31:07,299][org.apache.zookeeper.ClientCnxn]SASL config status: Will not attempt to authenticate using SASL (unknown error)
[INFO][2021-04-25 11:31:07,299][org.apache.zookeeper.ClientCnxn]Socket connection established, initiating session, client: /0:0:0:0:0:0:0:1:8807, server: localhost/0:0:0:0:0:0:0:1:2181
[DEBUG][2021-04-25 11:31:07,301][org.apache.zookeeper.ClientCnxn]Session establishment request sent on localhost/0:0:0:0:0:0:0:1:2181
[INFO][2021-04-25 11:31:07,306][org.apache.zookeeper.ClientCnxn]Session establishment complete on server localhost/0:0:0:0:0:0:0:1:2181, session id = 0x1000d2fb79d0001, negotiated timeout = 5000
[DEBUG][2021-04-25 11:31:07,313][org.apache.zookeeper.ClientCnxn]Reading reply session id: 0x1000d2fb79d0001, packet:: clientPath:null serverPath:null finished:false header:: 1,8  replyHeader:: 1,315,0  request:: '/zookeeper,F  response:: v{'config,'quota} 
[DEBUG][2021-04-25 11:31:07,315][org.apache.zookeeper.ZooKeeper]Closing session: 0x1000d2fb79d0001
[DEBUG][2021-04-25 11:31:07,315][org.apache.zookeeper.ClientCnxn]Closing client for session: 0x1000d2fb79d0001
[DEBUG][2021-04-25 11:31:07,318][org.apache.zookeeper.ClientCnxn]Reading reply session id: 0x1000d2fb79d0001, packet:: clientPath:null serverPath:null finished:false header:: 2,-11  replyHeader:: 2,316,0  request:: null response:: null
[DEBUG][2021-04-25 11:31:07,318][org.apache.zookeeper.ClientCnxn]Disconnecting client for session: 0x1000d2fb79d0001
[WARN][2021-04-25 11:31:07,319][org.apache.zookeeper.ClientCnxn]An exception was thrown while closing send thread for session 0x1000d2fb79d0001.
EndOfStreamException: Unable to read additional data from server sessionid 0x1000d2fb79d0001, likely server has closed socket
	at org.apache.zookeeper.ClientCnxnSocketNIO.doIO(ClientCnxnSocketNIO.java:77)
	at org.apache.zookeeper.ClientCnxnSocketNIO.doTransport(ClientCnxnSocketNIO.java:350)
	at org.apache.zookeeper.ClientCnxn$SendThread.run(ClientCnxn.java:1290)
[INFO][2021-04-25 11:31:07,422][org.apache.zookeeper.ZooKeeper]Session: 0x1000d2fb79d0001 closed
[INFO][2021-04-25 11:31:07,422][org.apache.zookeeper.ClientCnxn]EventThread shut down for session: 0x1000d2fb79d0001
[INFO][2021-04-25 11:36:35,750][org.apache.zookeeper.ZooKeeper]Client environment:zookeeper.version=3.6.3--6401e4ad2087061bc6b9f80dec2d69f2e3c8660a, built on 04/08/2021 16:35 GMT
[INFO][2021-04-25 11:36:35,752][org.apache.zookeeper.ZooKeeper]Client environment:host.name=LAPTOP-D0IP0ECG
[INFO][2021-04-25 11:36:35,753][org.apache.zookeeper.ZooKeeper]Client environment:java.version=1.8.0_181
[INFO][2021-04-25 11:36:35,753][org.apache.zookeeper.ZooKeeper]Client environment:java.vendor=Oracle Corporation
[INFO][2021-04-25 11:36:35,754][org.apache.zookeeper.ZooKeeper]Client environment:java.home=D:\SDK\Java8_181\jre
[INFO][2021-04-25 11:36:35,754][org.apache.zookeeper.ZooKeeper]Client environment:java.class.path=D:\SDK\Java8_181\jre\lib\charsets.jar;D:\SDK\Java8_181\jre\lib\deploy.jar;D:\SDK\Java8_181\jre\lib\ext\access-bridge-64.jar;D:\SDK\Java8_181\jre\lib\ext\cldrdata.jar;D:\SDK\Java8_181\jre\lib\ext\dnsns.jar;D:\SDK\Java8_181\jre\lib\ext\jaccess.jar;D:\SDK\Java8_181\jre\lib\ext\jfxrt.jar;D:\SDK\Java8_181\jre\lib\ext\localedata.jar;D:\SDK\Java8_181\jre\lib\ext\nashorn.jar;D:\SDK\Java8_181\jre\lib\ext\sunec.jar;D:\SDK\Java8_181\jre\lib\ext\sunjce_provider.jar;D:\SDK\Java8_181\jre\lib\ext\sunmscapi.jar;D:\SDK\Java8_181\jre\lib\ext\sunpkcs11.jar;D:\SDK\Java8_181\jre\lib\ext\zipfs.jar;D:\SDK\Java8_181\jre\lib\javaws.jar;D:\SDK\Java8_181\jre\lib\jce.jar;D:\SDK\Java8_181\jre\lib\jfr.jar;D:\SDK\Java8_181\jre\lib\jfxswt.jar;D:\SDK\Java8_181\jre\lib\jsse.jar;D:\SDK\Java8_181\jre\lib\management-agent.jar;D:\SDK\Java8_181\jre\lib\plugin.jar;D:\SDK\Java8_181\jre\lib\resources.jar;D:\SDK\Java8_181\jre\lib\rt.jar;F:\code\Demo\zookeeper\target\classes;E:\.m2\repository\org\apache\zookeeper\zookeeper\3.6.3\zookeeper-3.6.3.jar;E:\.m2\repository\org\apache\zookeeper\zookeeper-jute\3.6.3\zookeeper-jute-3.6.3.jar;E:\.m2\repository\org\apache\yetus\audience-annotations\0.5.0\audience-annotations-0.5.0.jar;E:\.m2\repository\io\netty\netty-handler\4.1.63.Final\netty-handler-4.1.63.Final.jar;E:\.m2\repository\io\netty\netty-common\4.1.63.Final\netty-common-4.1.63.Final.jar;E:\.m2\repository\io\netty\netty-resolver\4.1.63.Final\netty-resolver-4.1.63.Final.jar;E:\.m2\repository\io\netty\netty-buffer\4.1.63.Final\netty-buffer-4.1.63.Final.jar;E:\.m2\repository\io\netty\netty-transport\4.1.63.Final\netty-transport-4.1.63.Final.jar;E:\.m2\repository\io\netty\netty-codec\4.1.63.Final\netty-codec-4.1.63.Final.jar;E:\.m2\repository\io\netty\netty-transport-native-epoll\4.1.63.Final\netty-transport-native-epoll-4.1.63.Final.jar;E:\.m2\repository\io\netty\netty-transport-native-unix-common\4.1.63.Final\netty-transport-native-unix-common-4.1.63.Final.jar;E:\.m2\repository\org\slf4j\slf4j-api\1.7.25\slf4j-api-1.7.25.jar;E:\.m2\repository\org\slf4j\slf4j-log4j12\1.7.25\slf4j-log4j12-1.7.25.jar;E:\.m2\repository\log4j\log4j\1.2.17\log4j-1.2.17.jar;D:\Programs\JetBrains\IntelliJ IDEA 2018.3.6\lib\idea_rt.jar
[INFO][2021-04-25 11:36:35,754][org.apache.zookeeper.ZooKeeper]Client environment:java.library.path=D:\SDK\Java8_181\bin;C:\windows\Sun\Java\bin;C:\windows\system32;C:\windows;D:\SDK\Python38\Scripts\;D:\SDK\Python38\;D:\Programs\NetSarang\Xshell 6\;C:\windows\system32;C:\windows;C:\windows\System32\Wbem;C:\windows\System32\WindowsPowerShell\v1.0\;C:\windows\System32\OpenSSH\;C:\Program Files (x86)\NVIDIA Corporation\PhysX\Common;C:\Program Files\NVIDIA Corporation\NVIDIA NvDLISR;C:\Program Files\Git\cmd;D:\SDK\Java8_181\bin;D:\SDK\gradle-5.4.1\bin;D:\Programs\nodejs\;C:\Users\zhangweixiao\AppData\Local\Android\Sdk\platform-tools;C:\Program Files\Git\usr\bin;D:\SDK\mysql-5.7.31-winx64\bin;C:\Program Files\Redis\;D:\Programs\dex2jar-2.0;D:\SDK\apache-maven-3.5.0\bin;D:\SDK\apache-zookeeper-3.5.8-bin\bin;C:\Program Files\JSONBuddy;C:\Users\zhangweixiao\AppData\Local\Microsoft\WindowsApps;C:\Users\zhangweixiao\AppData\Local\Programs\Fiddler;C:\Users\zhangweixiao\AppData\Roaming\npm;D:\Programs\dex2jar-2.0;;C:\Users\zhangweixiao\AppData\Local\Programs\Microsoft VS Code\bin;D:\Program Files\Graphviz\bin;.
[INFO][2021-04-25 11:36:35,755][org.apache.zookeeper.ZooKeeper]Client environment:java.io.tmpdir=C:\Users\ZHANGW~1\AppData\Local\Temp\
[INFO][2021-04-25 11:36:35,755][org.apache.zookeeper.ZooKeeper]Client environment:java.compiler=<NA>
[INFO][2021-04-25 11:36:35,755][org.apache.zookeeper.ZooKeeper]Client environment:os.name=Windows 10
[INFO][2021-04-25 11:36:35,755][org.apache.zookeeper.ZooKeeper]Client environment:os.arch=amd64
[INFO][2021-04-25 11:36:35,755][org.apache.zookeeper.ZooKeeper]Client environment:os.version=10.0
[INFO][2021-04-25 11:36:35,755][org.apache.zookeeper.ZooKeeper]Client environment:user.name=zhangweixiao
[INFO][2021-04-25 11:36:35,755][org.apache.zookeeper.ZooKeeper]Client environment:user.home=C:\Users\zhangweixiao
[INFO][2021-04-25 11:36:35,755][org.apache.zookeeper.ZooKeeper]Client environment:user.dir=F:\code\Demo\zookeeper
[INFO][2021-04-25 11:36:35,755][org.apache.zookeeper.ZooKeeper]Client environment:os.memory.free=222MB
[INFO][2021-04-25 11:36:35,756][org.apache.zookeeper.ZooKeeper]Client environment:os.memory.max=3497MB
[INFO][2021-04-25 11:36:35,757][org.apache.zookeeper.ZooKeeper]Client environment:os.memory.total=236MB
[INFO][2021-04-25 11:36:35,760][org.apache.zookeeper.ZooKeeper]Initiating client connection, connectString=localhost:2181 sessionTimeout=5000 watcher=com.tuowazi.zookeeper.ListGroup@4629104a
[INFO][2021-04-25 11:36:35,764][org.apache.zookeeper.common.X509Util]Setting -D jdk.tls.rejectClientInitiatedRenegotiation=true to disable client-initiated TLS renegotiation
[INFO][2021-04-25 11:36:36,116][org.apache.zookeeper.ClientCnxnSocket]jute.maxbuffer value is 1048575 Bytes
[INFO][2021-04-25 11:36:36,122][org.apache.zookeeper.ClientCnxn]zookeeper.request.timeout value is 0. feature enabled=false
[DEBUG][2021-04-25 11:36:36,128][org.apache.zookeeper.SaslServerPrincipal]Canonicalized address to localhost
[INFO][2021-04-25 11:36:36,129][org.apache.zookeeper.ClientCnxn]Opening socket connection to server localhost/127.0.0.1:2181.
[INFO][2021-04-25 11:36:36,129][org.apache.zookeeper.ClientCnxn]SASL config status: Will not attempt to authenticate using SASL (unknown error)
[INFO][2021-04-25 11:36:36,130][org.apache.zookeeper.ClientCnxn]Socket connection established, initiating session, client: /127.0.0.1:10949, server: localhost/127.0.0.1:2181
[DEBUG][2021-04-25 11:36:36,132][org.apache.zookeeper.ClientCnxn]Session establishment request sent on localhost/127.0.0.1:2181
[INFO][2021-04-25 11:36:36,142][org.apache.zookeeper.ClientCnxn]Session establishment complete on server localhost/127.0.0.1:2181, session id = 0x1000d2fb79d0002, negotiated timeout = 5000
[DEBUG][2021-04-25 11:36:36,150][org.apache.zookeeper.ClientCnxn]Reading reply session id: 0x1000d2fb79d0002, packet:: clientPath:null serverPath:null finished:false header:: 1,8  replyHeader:: 1,317,0  request:: '/zookeeper,F  response:: v{'config,'quota} 
[DEBUG][2021-04-25 11:36:36,152][org.apache.zookeeper.ZooKeeper]Closing session: 0x1000d2fb79d0002
[DEBUG][2021-04-25 11:36:36,152][org.apache.zookeeper.ClientCnxn]Closing client for session: 0x1000d2fb79d0002
[DEBUG][2021-04-25 11:36:36,160][org.apache.zookeeper.ClientCnxn]Reading reply session id: 0x1000d2fb79d0002, packet:: clientPath:null serverPath:null finished:false header:: 2,-11  replyHeader:: 2,318,0  request:: null response:: null
[DEBUG][2021-04-25 11:36:36,160][org.apache.zookeeper.ClientCnxn]Disconnecting client for session: 0x1000d2fb79d0002
[WARN][2021-04-25 11:36:36,161][org.apache.zookeeper.ClientCnxn]An exception was thrown while closing send thread for session 0x1000d2fb79d0002.
EndOfStreamException: Unable to read additional data from server sessionid 0x1000d2fb79d0002, likely server has closed socket
	at org.apache.zookeeper.ClientCnxnSocketNIO.doIO(ClientCnxnSocketNIO.java:77)
	at org.apache.zookeeper.ClientCnxnSocketNIO.doTransport(ClientCnxnSocketNIO.java:350)
	at org.apache.zookeeper.ClientCnxn$SendThread.run(ClientCnxn.java:1290)
[INFO][2021-04-25 11:36:36,264][org.apache.zookeeper.ZooKeeper]Session: 0x1000d2fb79d0002 closed
[INFO][2021-04-25 11:36:36,264][org.apache.zookeeper.ClientCnxn]EventThread shut down for session: 0x1000d2fb79d0002
[INFO][2021-04-25 11:36:49,892][org.apache.zookeeper.ZooKeeper]Client environment:zookeeper.version=3.6.3--6401e4ad2087061bc6b9f80dec2d69f2e3c8660a, built on 04/08/2021 16:35 GMT
[INFO][2021-04-25 11:36:49,893][org.apache.zookeeper.ZooKeeper]Client environment:host.name=LAPTOP-D0IP0ECG
[INFO][2021-04-25 11:36:49,894][org.apache.zookeeper.ZooKeeper]Client environment:java.version=1.8.0_181
[INFO][2021-04-25 11:36:49,894][org.apache.zookeeper.ZooKeeper]Client environment:java.vendor=Oracle Corporation
[INFO][2021-04-25 11:36:49,895][org.apache.zookeeper.ZooKeeper]Client environment:java.home=D:\SDK\Java8_181\jre
[INFO][2021-04-25 11:36:49,895][org.apache.zookeeper.ZooKeeper]Client environment:java.class.path=D:\SDK\Java8_181\jre\lib\charsets.jar;D:\SDK\Java8_181\jre\lib\deploy.jar;D:\SDK\Java8_181\jre\lib\ext\access-bridge-64.jar;D:\SDK\Java8_181\jre\lib\ext\cldrdata.jar;D:\SDK\Java8_181\jre\lib\ext\dnsns.jar;D:\SDK\Java8_181\jre\lib\ext\jaccess.jar;D:\SDK\Java8_181\jre\lib\ext\jfxrt.jar;D:\SDK\Java8_181\jre\lib\ext\localedata.jar;D:\SDK\Java8_181\jre\lib\ext\nashorn.jar;D:\SDK\Java8_181\jre\lib\ext\sunec.jar;D:\SDK\Java8_181\jre\lib\ext\sunjce_provider.jar;D:\SDK\Java8_181\jre\lib\ext\sunmscapi.jar;D:\SDK\Java8_181\jre\lib\ext\sunpkcs11.jar;D:\SDK\Java8_181\jre\lib\ext\zipfs.jar;D:\SDK\Java8_181\jre\lib\javaws.jar;D:\SDK\Java8_181\jre\lib\jce.jar;D:\SDK\Java8_181\jre\lib\jfr.jar;D:\SDK\Java8_181\jre\lib\jfxswt.jar;D:\SDK\Java8_181\jre\lib\jsse.jar;D:\SDK\Java8_181\jre\lib\management-agent.jar;D:\SDK\Java8_181\jre\lib\plugin.jar;D:\SDK\Java8_181\jre\lib\resources.jar;D:\SDK\Java8_181\jre\lib\rt.jar;F:\code\Demo\zookeeper\target\classes;E:\.m2\repository\org\apache\zookeeper\zookeeper\3.6.3\zookeeper-3.6.3.jar;E:\.m2\repository\org\apache\zookeeper\zookeeper-jute\3.6.3\zookeeper-jute-3.6.3.jar;E:\.m2\repository\org\apache\yetus\audience-annotations\0.5.0\audience-annotations-0.5.0.jar;E:\.m2\repository\io\netty\netty-handler\4.1.63.Final\netty-handler-4.1.63.Final.jar;E:\.m2\repository\io\netty\netty-common\4.1.63.Final\netty-common-4.1.63.Final.jar;E:\.m2\repository\io\netty\netty-resolver\4.1.63.Final\netty-resolver-4.1.63.Final.jar;E:\.m2\repository\io\netty\netty-buffer\4.1.63.Final\netty-buffer-4.1.63.Final.jar;E:\.m2\repository\io\netty\netty-transport\4.1.63.Final\netty-transport-4.1.63.Final.jar;E:\.m2\repository\io\netty\netty-codec\4.1.63.Final\netty-codec-4.1.63.Final.jar;E:\.m2\repository\io\netty\netty-transport-native-epoll\4.1.63.Final\netty-transport-native-epoll-4.1.63.Final.jar;E:\.m2\repository\io\netty\netty-transport-native-unix-common\4.1.63.Final\netty-transport-native-unix-common-4.1.63.Final.jar;E:\.m2\repository\org\slf4j\slf4j-api\1.7.25\slf4j-api-1.7.25.jar;E:\.m2\repository\org\slf4j\slf4j-log4j12\1.7.25\slf4j-log4j12-1.7.25.jar;E:\.m2\repository\log4j\log4j\1.2.17\log4j-1.2.17.jar;D:\Programs\JetBrains\IntelliJ IDEA 2018.3.6\lib\idea_rt.jar
[INFO][2021-04-25 11:36:49,896][org.apache.zookeeper.ZooKeeper]Client environment:java.library.path=D:\SDK\Java8_181\bin;C:\windows\Sun\Java\bin;C:\windows\system32;C:\windows;D:\SDK\Python38\Scripts\;D:\SDK\Python38\;D:\Programs\NetSarang\Xshell 6\;C:\windows\system32;C:\windows;C:\windows\System32\Wbem;C:\windows\System32\WindowsPowerShell\v1.0\;C:\windows\System32\OpenSSH\;C:\Program Files (x86)\NVIDIA Corporation\PhysX\Common;C:\Program Files\NVIDIA Corporation\NVIDIA NvDLISR;C:\Program Files\Git\cmd;D:\SDK\Java8_181\bin;D:\SDK\gradle-5.4.1\bin;D:\Programs\nodejs\;C:\Users\zhangweixiao\AppData\Local\Android\Sdk\platform-tools;C:\Program Files\Git\usr\bin;D:\SDK\mysql-5.7.31-winx64\bin;C:\Program Files\Redis\;D:\Programs\dex2jar-2.0;D:\SDK\apache-maven-3.5.0\bin;D:\SDK\apache-zookeeper-3.5.8-bin\bin;C:\Program Files\JSONBuddy;C:\Users\zhangweixiao\AppData\Local\Microsoft\WindowsApps;C:\Users\zhangweixiao\AppData\Local\Programs\Fiddler;C:\Users\zhangweixiao\AppData\Roaming\npm;D:\Programs\dex2jar-2.0;;C:\Users\zhangweixiao\AppData\Local\Programs\Microsoft VS Code\bin;D:\Program Files\Graphviz\bin;.
[INFO][2021-04-25 11:36:49,896][org.apache.zookeeper.ZooKeeper]Client environment:java.io.tmpdir=C:\Users\ZHANGW~1\AppData\Local\Temp\
[INFO][2021-04-25 11:36:49,896][org.apache.zookeeper.ZooKeeper]Client environment:java.compiler=<NA>
[INFO][2021-04-25 11:36:49,896][org.apache.zookeeper.ZooKeeper]Client environment:os.name=Windows 10
[INFO][2021-04-25 11:36:49,896][org.apache.zookeeper.ZooKeeper]Client environment:os.arch=amd64
[INFO][2021-04-25 11:36:49,896][org.apache.zookeeper.ZooKeeper]Client environment:os.version=10.0
[INFO][2021-04-25 11:36:49,896][org.apache.zookeeper.ZooKeeper]Client environment:user.name=zhangweixiao
[INFO][2021-04-25 11:36:49,896][org.apache.zookeeper.ZooKeeper]Client environment:user.home=C:\Users\zhangweixiao
[INFO][2021-04-25 11:36:49,896][org.apache.zookeeper.ZooKeeper]Client environment:user.dir=F:\code\Demo\zookeeper
[INFO][2021-04-25 11:36:49,896][org.apache.zookeeper.ZooKeeper]Client environment:os.memory.free=222MB
[INFO][2021-04-25 11:36:49,898][org.apache.zookeeper.ZooKeeper]Client environment:os.memory.max=3497MB
[INFO][2021-04-25 11:36:49,898][org.apache.zookeeper.ZooKeeper]Client environment:os.memory.total=236MB
[INFO][2021-04-25 11:36:49,901][org.apache.zookeeper.ZooKeeper]Initiating client connection, connectString=localhost:2181 sessionTimeout=5000 watcher=com.tuowazi.zookeeper.ListGroup@4629104a
[INFO][2021-04-25 11:36:49,905][org.apache.zookeeper.common.X509Util]Setting -D jdk.tls.rejectClientInitiatedRenegotiation=true to disable client-initiated TLS renegotiation
[INFO][2021-04-25 11:36:50,251][org.apache.zookeeper.ClientCnxnSocket]jute.maxbuffer value is 1048575 Bytes
[INFO][2021-04-25 11:36:50,256][org.apache.zookeeper.ClientCnxn]zookeeper.request.timeout value is 0. feature enabled=false
[DEBUG][2021-04-25 11:36:50,262][org.apache.zookeeper.SaslServerPrincipal]Canonicalized address to localhost
[INFO][2021-04-25 11:36:50,263][org.apache.zookeeper.ClientCnxn]Opening socket connection to server localhost/127.0.0.1:2181.
[INFO][2021-04-25 11:36:50,263][org.apache.zookeeper.ClientCnxn]SASL config status: Will not attempt to authenticate using SASL (unknown error)
[INFO][2021-04-25 11:36:50,264][org.apache.zookeeper.ClientCnxn]Socket connection established, initiating session, client: /127.0.0.1:10971, server: localhost/127.0.0.1:2181
[DEBUG][2021-04-25 11:36:50,266][org.apache.zookeeper.ClientCnxn]Session establishment request sent on localhost/127.0.0.1:2181
[INFO][2021-04-25 11:36:50,272][org.apache.zookeeper.ClientCnxn]Session establishment complete on server localhost/127.0.0.1:2181, session id = 0x1000d2fb79d0004, negotiated timeout = 5000
[DEBUG][2021-04-25 11:36:50,279][org.apache.zookeeper.ClientCnxn]Reading reply session id: 0x1000d2fb79d0004, packet:: clientPath:null serverPath:null finished:false header:: 1,8  replyHeader:: 1,321,0  request:: '/zookeeper,F  response:: v{'config,'quota} 
[DEBUG][2021-04-25 11:36:50,281][org.apache.zookeeper.ZooKeeper]Closing session: 0x1000d2fb79d0004
[DEBUG][2021-04-25 11:36:50,281][org.apache.zookeeper.ClientCnxn]Closing client for session: 0x1000d2fb79d0004
[DEBUG][2021-04-25 11:36:50,284][org.apache.zookeeper.ClientCnxn]Reading reply session id: 0x1000d2fb79d0004, packet:: clientPath:null serverPath:null finished:false header:: 2,-11  replyHeader:: 2,322,0  request:: null response:: null
[DEBUG][2021-04-25 11:36:50,284][org.apache.zookeeper.ClientCnxn]Disconnecting client for session: 0x1000d2fb79d0004
[WARN][2021-04-25 11:36:50,285][org.apache.zookeeper.ClientCnxn]An exception was thrown while closing send thread for session 0x1000d2fb79d0004.
EndOfStreamException: Unable to read additional data from server sessionid 0x1000d2fb79d0004, likely server has closed socket
	at org.apache.zookeeper.ClientCnxnSocketNIO.doIO(ClientCnxnSocketNIO.java:77)
	at org.apache.zookeeper.ClientCnxnSocketNIO.doTransport(ClientCnxnSocketNIO.java:350)
	at org.apache.zookeeper.ClientCnxn$SendThread.run(ClientCnxn.java:1290)
[INFO][2021-04-25 11:36:50,389][org.apache.zookeeper.ZooKeeper]Session: 0x1000d2fb79d0004 closed
[INFO][2021-04-25 11:36:50,389][org.apache.zookeeper.ClientCnxn]EventThread shut down for session: 0x1000d2fb79d0004
[INFO][2021-04-25 11:45:25,873][org.apache.zookeeper.ZooKeeper]Client environment:zookeeper.version=3.6.3--6401e4ad2087061bc6b9f80dec2d69f2e3c8660a, built on 04/08/2021 16:35 GMT
[INFO][2021-04-25 11:45:25,875][org.apache.zookeeper.ZooKeeper]Client environment:host.name=LAPTOP-D0IP0ECG
[INFO][2021-04-25 11:45:25,875][org.apache.zookeeper.ZooKeeper]Client environment:java.version=1.8.0_181
[INFO][2021-04-25 11:45:25,875][org.apache.zookeeper.ZooKeeper]Client environment:java.vendor=Oracle Corporation
[INFO][2021-04-25 11:45:25,877][org.apache.zookeeper.ZooKeeper]Client environment:java.home=D:\SDK\Java8_181\jre
[INFO][2021-04-25 11:45:25,877][org.apache.zookeeper.ZooKeeper]Client environment:java.class.path=D:\SDK\Java8_181\jre\lib\charsets.jar;D:\SDK\Java8_181\jre\lib\deploy.jar;D:\SDK\Java8_181\jre\lib\ext\access-bridge-64.jar;D:\SDK\Java8_181\jre\lib\ext\cldrdata.jar;D:\SDK\Java8_181\jre\lib\ext\dnsns.jar;D:\SDK\Java8_181\jre\lib\ext\jaccess.jar;D:\SDK\Java8_181\jre\lib\ext\jfxrt.jar;D:\SDK\Java8_181\jre\lib\ext\localedata.jar;D:\SDK\Java8_181\jre\lib\ext\nashorn.jar;D:\SDK\Java8_181\jre\lib\ext\sunec.jar;D:\SDK\Java8_181\jre\lib\ext\sunjce_provider.jar;D:\SDK\Java8_181\jre\lib\ext\sunmscapi.jar;D:\SDK\Java8_181\jre\lib\ext\sunpkcs11.jar;D:\SDK\Java8_181\jre\lib\ext\zipfs.jar;D:\SDK\Java8_181\jre\lib\javaws.jar;D:\SDK\Java8_181\jre\lib\jce.jar;D:\SDK\Java8_181\jre\lib\jfr.jar;D:\SDK\Java8_181\jre\lib\jfxswt.jar;D:\SDK\Java8_181\jre\lib\jsse.jar;D:\SDK\Java8_181\jre\lib\management-agent.jar;D:\SDK\Java8_181\jre\lib\plugin.jar;D:\SDK\Java8_181\jre\lib\resources.jar;D:\SDK\Java8_181\jre\lib\rt.jar;F:\code\Demo\zookeeper\target\classes;E:\.m2\repository\org\apache\zookeeper\zookeeper\3.6.3\zookeeper-3.6.3.jar;E:\.m2\repository\org\apache\zookeeper\zookeeper-jute\3.6.3\zookeeper-jute-3.6.3.jar;E:\.m2\repository\org\apache\yetus\audience-annotations\0.5.0\audience-annotations-0.5.0.jar;E:\.m2\repository\io\netty\netty-handler\4.1.63.Final\netty-handler-4.1.63.Final.jar;E:\.m2\repository\io\netty\netty-common\4.1.63.Final\netty-common-4.1.63.Final.jar;E:\.m2\repository\io\netty\netty-resolver\4.1.63.Final\netty-resolver-4.1.63.Final.jar;E:\.m2\repository\io\netty\netty-buffer\4.1.63.Final\netty-buffer-4.1.63.Final.jar;E:\.m2\repository\io\netty\netty-transport\4.1.63.Final\netty-transport-4.1.63.Final.jar;E:\.m2\repository\io\netty\netty-codec\4.1.63.Final\netty-codec-4.1.63.Final.jar;E:\.m2\repository\io\netty\netty-transport-native-epoll\4.1.63.Final\netty-transport-native-epoll-4.1.63.Final.jar;E:\.m2\repository\io\netty\netty-transport-native-unix-common\4.1.63.Final\netty-transport-native-unix-common-4.1.63.Final.jar;E:\.m2\repository\org\slf4j\slf4j-api\1.7.25\slf4j-api-1.7.25.jar;E:\.m2\repository\org\slf4j\slf4j-log4j12\1.7.25\slf4j-log4j12-1.7.25.jar;E:\.m2\repository\log4j\log4j\1.2.17\log4j-1.2.17.jar;D:\Programs\JetBrains\IntelliJ IDEA 2018.3.6\lib\idea_rt.jar
[INFO][2021-04-25 11:45:25,877][org.apache.zookeeper.ZooKeeper]Client environment:java.library.path=D:\SDK\Java8_181\bin;C:\windows\Sun\Java\bin;C:\windows\system32;C:\windows;D:\SDK\Python38\Scripts\;D:\SDK\Python38\;D:\Programs\NetSarang\Xshell 6\;C:\windows\system32;C:\windows;C:\windows\System32\Wbem;C:\windows\System32\WindowsPowerShell\v1.0\;C:\windows\System32\OpenSSH\;C:\Program Files (x86)\NVIDIA Corporation\PhysX\Common;C:\Program Files\NVIDIA Corporation\NVIDIA NvDLISR;C:\Program Files\Git\cmd;D:\SDK\Java8_181\bin;D:\SDK\gradle-5.4.1\bin;D:\Programs\nodejs\;C:\Users\zhangweixiao\AppData\Local\Android\Sdk\platform-tools;C:\Program Files\Git\usr\bin;D:\SDK\mysql-5.7.31-winx64\bin;C:\Program Files\Redis\;D:\Programs\dex2jar-2.0;D:\SDK\apache-maven-3.5.0\bin;D:\SDK\apache-zookeeper-3.5.8-bin\bin;C:\Program Files\JSONBuddy;C:\Users\zhangweixiao\AppData\Local\Microsoft\WindowsApps;C:\Users\zhangweixiao\AppData\Local\Programs\Fiddler;C:\Users\zhangweixiao\AppData\Roaming\npm;D:\Programs\dex2jar-2.0;;C:\Users\zhangweixiao\AppData\Local\Programs\Microsoft VS Code\bin;D:\Program Files\Graphviz\bin;.
[INFO][2021-04-25 11:45:25,877][org.apache.zookeeper.ZooKeeper]Client environment:java.io.tmpdir=C:\Users\ZHANGW~1\AppData\Local\Temp\
[INFO][2021-04-25 11:45:25,878][org.apache.zookeeper.ZooKeeper]Client environment:java.compiler=<NA>
[INFO][2021-04-25 11:45:25,878][org.apache.zookeeper.ZooKeeper]Client environment:os.name=Windows 10
[INFO][2021-04-25 11:45:25,878][org.apache.zookeeper.ZooKeeper]Client environment:os.arch=amd64
[INFO][2021-04-25 11:45:25,878][org.apache.zookeeper.ZooKeeper]Client environment:os.version=10.0
[INFO][2021-04-25 11:45:25,878][org.apache.zookeeper.ZooKeeper]Client environment:user.name=zhangweixiao
[INFO][2021-04-25 11:45:25,878][org.apache.zookeeper.ZooKeeper]Client environment:user.home=C:\Users\zhangweixiao
[INFO][2021-04-25 11:45:25,878][org.apache.zookeeper.ZooKeeper]Client environment:user.dir=F:\code\Demo\zookeeper
[INFO][2021-04-25 11:45:25,878][org.apache.zookeeper.ZooKeeper]Client environment:os.memory.free=222MB
[INFO][2021-04-25 11:45:25,879][org.apache.zookeeper.ZooKeeper]Client environment:os.memory.max=3497MB
[INFO][2021-04-25 11:45:25,879][org.apache.zookeeper.ZooKeeper]Client environment:os.memory.total=236MB
[INFO][2021-04-25 11:45:25,883][org.apache.zookeeper.ZooKeeper]Initiating client connection, connectString=localhost:2181 sessionTimeout=5000 watcher=com.tuowazi.zookeeper.ListGroup@4629104a
[INFO][2021-04-25 11:45:25,887][org.apache.zookeeper.common.X509Util]Setting -D jdk.tls.rejectClientInitiatedRenegotiation=true to disable client-initiated TLS renegotiation
[INFO][2021-04-25 11:45:26,280][org.apache.zookeeper.ClientCnxnSocket]jute.maxbuffer value is 1048575 Bytes
[INFO][2021-04-25 11:45:26,286][org.apache.zookeeper.ClientCnxn]zookeeper.request.timeout value is 0. feature enabled=false
[DEBUG][2021-04-25 11:45:26,291][org.apache.zookeeper.SaslServerPrincipal]Canonicalized address to localhost
[INFO][2021-04-25 11:45:26,293][org.apache.zookeeper.ClientCnxn]Opening socket connection to server localhost/127.0.0.1:2181.
[INFO][2021-04-25 11:45:26,293][org.apache.zookeeper.ClientCnxn]SASL config status: Will not attempt to authenticate using SASL (unknown error)
[INFO][2021-04-25 11:45:26,294][org.apache.zookeeper.ClientCnxn]Socket connection established, initiating session, client: /127.0.0.1:11504, server: localhost/127.0.0.1:2181
[DEBUG][2021-04-25 11:45:26,295][org.apache.zookeeper.ClientCnxn]Session establishment request sent on localhost/127.0.0.1:2181
[INFO][2021-04-25 11:45:26,303][org.apache.zookeeper.ClientCnxn]Session establishment complete on server localhost/127.0.0.1:2181, session id = 0x1000d2fb79d0006, negotiated timeout = 5000
[DEBUG][2021-04-25 11:45:26,308][org.apache.zookeeper.ClientCnxn]Reading reply session id: 0x1000d2fb79d0006, packet:: clientPath:null serverPath:null finished:false header:: 1,8  replyHeader:: 1,324,0  request:: '/zookeeper,F  response:: v{'config,'quota} 
[DEBUG][2021-04-25 11:45:26,310][org.apache.zookeeper.ZooKeeper]Closing session: 0x1000d2fb79d0006
[DEBUG][2021-04-25 11:45:26,311][org.apache.zookeeper.ClientCnxn]Closing client for session: 0x1000d2fb79d0006
[DEBUG][2021-04-25 11:45:26,313][org.apache.zookeeper.ClientCnxn]Reading reply session id: 0x1000d2fb79d0006, packet:: clientPath:null serverPath:null finished:false header:: 2,-11  replyHeader:: 2,325,0  request:: null response:: null
[DEBUG][2021-04-25 11:45:26,313][org.apache.zookeeper.ClientCnxn]Disconnecting client for session: 0x1000d2fb79d0006
[WARN][2021-04-25 11:45:26,314][org.apache.zookeeper.ClientCnxn]An exception was thrown while closing send thread for session 0x1000d2fb79d0006.
EndOfStreamException: Unable to read additional data from server sessionid 0x1000d2fb79d0006, likely server has closed socket
	at org.apache.zookeeper.ClientCnxnSocketNIO.doIO(ClientCnxnSocketNIO.java:77)
	at org.apache.zookeeper.ClientCnxnSocketNIO.doTransport(ClientCnxnSocketNIO.java:350)
	at org.apache.zookeeper.ClientCnxn$SendThread.run(ClientCnxn.java:1290)
[INFO][2021-04-25 11:45:26,418][org.apache.zookeeper.ZooKeeper]Session: 0x1000d2fb79d0006 closed
[INFO][2021-04-25 11:45:26,418][org.apache.zookeeper.ClientCnxn]EventThread shut down for session: 0x1000d2fb79d0006
[INFO][2021-04-25 11:45:53,780][org.apache.zookeeper.ZooKeeper]Client environment:zookeeper.version=3.6.3--6401e4ad2087061bc6b9f80dec2d69f2e3c8660a, built on 04/08/2021 16:35 GMT
[INFO][2021-04-25 11:45:53,782][org.apache.zookeeper.ZooKeeper]Client environment:host.name=LAPTOP-D0IP0ECG
[INFO][2021-04-25 11:45:53,782][org.apache.zookeeper.ZooKeeper]Client environment:java.version=1.8.0_181
[INFO][2021-04-25 11:45:53,782][org.apache.zookeeper.ZooKeeper]Client environment:java.vendor=Oracle Corporation
[INFO][2021-04-25 11:45:53,784][org.apache.zookeeper.ZooKeeper]Client environment:java.home=D:\SDK\Java8_181\jre
[INFO][2021-04-25 11:45:53,784][org.apache.zookeeper.ZooKeeper]Client environment:java.class.path=D:\SDK\Java8_181\jre\lib\charsets.jar;D:\SDK\Java8_181\jre\lib\deploy.jar;D:\SDK\Java8_181\jre\lib\ext\access-bridge-64.jar;D:\SDK\Java8_181\jre\lib\ext\cldrdata.jar;D:\SDK\Java8_181\jre\lib\ext\dnsns.jar;D:\SDK\Java8_181\jre\lib\ext\jaccess.jar;D:\SDK\Java8_181\jre\lib\ext\jfxrt.jar;D:\SDK\Java8_181\jre\lib\ext\localedata.jar;D:\SDK\Java8_181\jre\lib\ext\nashorn.jar;D:\SDK\Java8_181\jre\lib\ext\sunec.jar;D:\SDK\Java8_181\jre\lib\ext\sunjce_provider.jar;D:\SDK\Java8_181\jre\lib\ext\sunmscapi.jar;D:\SDK\Java8_181\jre\lib\ext\sunpkcs11.jar;D:\SDK\Java8_181\jre\lib\ext\zipfs.jar;D:\SDK\Java8_181\jre\lib\javaws.jar;D:\SDK\Java8_181\jre\lib\jce.jar;D:\SDK\Java8_181\jre\lib\jfr.jar;D:\SDK\Java8_181\jre\lib\jfxswt.jar;D:\SDK\Java8_181\jre\lib\jsse.jar;D:\SDK\Java8_181\jre\lib\management-agent.jar;D:\SDK\Java8_181\jre\lib\plugin.jar;D:\SDK\Java8_181\jre\lib\resources.jar;D:\SDK\Java8_181\jre\lib\rt.jar;F:\code\Demo\zookeeper\target\classes;E:\.m2\repository\org\apache\zookeeper\zookeeper\3.6.3\zookeeper-3.6.3.jar;E:\.m2\repository\org\apache\zookeeper\zookeeper-jute\3.6.3\zookeeper-jute-3.6.3.jar;E:\.m2\repository\org\apache\yetus\audience-annotations\0.5.0\audience-annotations-0.5.0.jar;E:\.m2\repository\io\netty\netty-handler\4.1.63.Final\netty-handler-4.1.63.Final.jar;E:\.m2\repository\io\netty\netty-common\4.1.63.Final\netty-common-4.1.63.Final.jar;E:\.m2\repository\io\netty\netty-resolver\4.1.63.Final\netty-resolver-4.1.63.Final.jar;E:\.m2\repository\io\netty\netty-buffer\4.1.63.Final\netty-buffer-4.1.63.Final.jar;E:\.m2\repository\io\netty\netty-transport\4.1.63.Final\netty-transport-4.1.63.Final.jar;E:\.m2\repository\io\netty\netty-codec\4.1.63.Final\netty-codec-4.1.63.Final.jar;E:\.m2\repository\io\netty\netty-transport-native-epoll\4.1.63.Final\netty-transport-native-epoll-4.1.63.Final.jar;E:\.m2\repository\io\netty\netty-transport-native-unix-common\4.1.63.Final\netty-transport-native-unix-common-4.1.63.Final.jar;E:\.m2\repository\org\slf4j\slf4j-api\1.7.25\slf4j-api-1.7.25.jar;E:\.m2\repository\org\slf4j\slf4j-log4j12\1.7.25\slf4j-log4j12-1.7.25.jar;E:\.m2\repository\log4j\log4j\1.2.17\log4j-1.2.17.jar;D:\Programs\JetBrains\IntelliJ IDEA 2018.3.6\lib\idea_rt.jar;C:\Users\zhangweixiao\.IntelliJIdea2018.3\system\captureAgent\debugger-agent.jar
[INFO][2021-04-25 11:45:53,784][org.apache.zookeeper.ZooKeeper]Client environment:java.library.path=D:\SDK\Java8_181\bin;C:\windows\Sun\Java\bin;C:\windows\system32;C:\windows;D:\SDK\Python38\Scripts\;D:\SDK\Python38\;D:\Programs\NetSarang\Xshell 6\;C:\windows\system32;C:\windows;C:\windows\System32\Wbem;C:\windows\System32\WindowsPowerShell\v1.0\;C:\windows\System32\OpenSSH\;C:\Program Files (x86)\NVIDIA Corporation\PhysX\Common;C:\Program Files\NVIDIA Corporation\NVIDIA NvDLISR;C:\Program Files\Git\cmd;D:\SDK\Java8_181\bin;D:\SDK\gradle-5.4.1\bin;D:\Programs\nodejs\;C:\Users\zhangweixiao\AppData\Local\Android\Sdk\platform-tools;C:\Program Files\Git\usr\bin;D:\SDK\mysql-5.7.31-winx64\bin;C:\Program Files\Redis\;D:\Programs\dex2jar-2.0;D:\SDK\apache-maven-3.5.0\bin;D:\SDK\apache-zookeeper-3.5.8-bin\bin;C:\Program Files\JSONBuddy;C:\Users\zhangweixiao\AppData\Local\Microsoft\WindowsApps;C:\Users\zhangweixiao\AppData\Local\Programs\Fiddler;C:\Users\zhangweixiao\AppData\Roaming\npm;D:\Programs\dex2jar-2.0;;C:\Users\zhangweixiao\AppData\Local\Programs\Microsoft VS Code\bin;D:\Program Files\Graphviz\bin;.
[INFO][2021-04-25 11:45:53,784][org.apache.zookeeper.ZooKeeper]Client environment:java.io.tmpdir=C:\Users\ZHANGW~1\AppData\Local\Temp\
[INFO][2021-04-25 11:45:53,784][org.apache.zookeeper.ZooKeeper]Client environment:java.compiler=<NA>
[INFO][2021-04-25 11:45:53,784][org.apache.zookeeper.ZooKeeper]Client environment:os.name=Windows 10
[INFO][2021-04-25 11:45:53,785][org.apache.zookeeper.ZooKeeper]Client environment:os.arch=amd64
[INFO][2021-04-25 11:45:53,785][org.apache.zookeeper.ZooKeeper]Client environment:os.version=10.0
[INFO][2021-04-25 11:45:53,785][org.apache.zookeeper.ZooKeeper]Client environment:user.name=zhangweixiao
[INFO][2021-04-25 11:45:53,785][org.apache.zookeeper.ZooKeeper]Client environment:user.home=C:\Users\zhangweixiao
[INFO][2021-04-25 11:45:53,785][org.apache.zookeeper.ZooKeeper]Client environment:user.dir=F:\code\Demo\zookeeper
[INFO][2021-04-25 11:45:53,785][org.apache.zookeeper.ZooKeeper]Client environment:os.memory.free=219MB
[INFO][2021-04-25 11:45:53,786][org.apache.zookeeper.ZooKeeper]Client environment:os.memory.max=3497MB
[INFO][2021-04-25 11:45:53,786][org.apache.zookeeper.ZooKeeper]Client environment:os.memory.total=236MB
[INFO][2021-04-25 11:45:53,791][org.apache.zookeeper.ZooKeeper]Initiating client connection, connectString=localhost:2181 sessionTimeout=5000 watcher=com.tuowazi.zookeeper.ListGroup@2d8f65a4
[INFO][2021-04-25 11:45:53,795][org.apache.zookeeper.common.X509Util]Setting -D jdk.tls.rejectClientInitiatedRenegotiation=true to disable client-initiated TLS renegotiation
[INFO][2021-04-25 11:45:53,847][org.apache.zookeeper.ClientCnxnSocket]jute.maxbuffer value is 1048575 Bytes
[INFO][2021-04-25 11:45:53,853][org.apache.zookeeper.ClientCnxn]zookeeper.request.timeout value is 0. feature enabled=false
[DEBUG][2021-04-25 11:45:53,860][org.apache.zookeeper.SaslServerPrincipal]Canonicalized address to localhost
[INFO][2021-04-25 11:45:53,862][org.apache.zookeeper.ClientCnxn]Opening socket connection to server localhost/0:0:0:0:0:0:0:1:2181.
[INFO][2021-04-25 11:45:53,862][org.apache.zookeeper.ClientCnxn]SASL config status: Will not attempt to authenticate using SASL (unknown error)
[INFO][2021-04-25 11:45:53,863][org.apache.zookeeper.ClientCnxn]Socket connection established, initiating session, client: /0:0:0:0:0:0:0:1:11537, server: localhost/0:0:0:0:0:0:0:1:2181
[DEBUG][2021-04-25 11:45:53,865][org.apache.zookeeper.ClientCnxn]Session establishment request sent on localhost/0:0:0:0:0:0:0:1:2181
[INFO][2021-04-25 11:45:53,870][org.apache.zookeeper.ClientCnxn]Session establishment complete on server localhost/0:0:0:0:0:0:0:1:2181, session id = 0x1000d2fb79d0007, negotiated timeout = 5000
[WARN][2021-04-25 11:46:06,075][org.apache.zookeeper.ClientCnxn]Client session timed out, have not heard from server in 5950ms for session id 0x1000d2fb79d0007
[WARN][2021-04-25 11:46:06,076][org.apache.zookeeper.ClientCnxn]Session 0x1000d2fb79d0007 for sever localhost/0:0:0:0:0:0:0:1:2181, Closing socket connection. Attempting reconnect except it is a SessionExpiredException.
org.apache.zookeeper.ClientCnxn$SessionTimeoutException: Client session timed out, have not heard from server in 5950ms for session id 0x1000d2fb79d0007
	at org.apache.zookeeper.ClientCnxn$SendThread.run(ClientCnxn.java:1258)
[INFO][2021-04-25 11:46:18,486][org.apache.zookeeper.ZooKeeper]Client environment:zookeeper.version=3.6.3--6401e4ad2087061bc6b9f80dec2d69f2e3c8660a, built on 04/08/2021 16:35 GMT
[INFO][2021-04-25 11:46:18,488][org.apache.zookeeper.ZooKeeper]Client environment:host.name=LAPTOP-D0IP0ECG
[INFO][2021-04-25 11:46:18,488][org.apache.zookeeper.ZooKeeper]Client environment:java.version=1.8.0_181
[INFO][2021-04-25 11:46:18,488][org.apache.zookeeper.ZooKeeper]Client environment:java.vendor=Oracle Corporation
[INFO][2021-04-25 11:46:18,490][org.apache.zookeeper.ZooKeeper]Client environment:java.home=D:\SDK\Java8_181\jre
[INFO][2021-04-25 11:46:18,490][org.apache.zookeeper.ZooKeeper]Client environment:java.class.path=D:\SDK\Java8_181\jre\lib\charsets.jar;D:\SDK\Java8_181\jre\lib\deploy.jar;D:\SDK\Java8_181\jre\lib\ext\access-bridge-64.jar;D:\SDK\Java8_181\jre\lib\ext\cldrdata.jar;D:\SDK\Java8_181\jre\lib\ext\dnsns.jar;D:\SDK\Java8_181\jre\lib\ext\jaccess.jar;D:\SDK\Java8_181\jre\lib\ext\jfxrt.jar;D:\SDK\Java8_181\jre\lib\ext\localedata.jar;D:\SDK\Java8_181\jre\lib\ext\nashorn.jar;D:\SDK\Java8_181\jre\lib\ext\sunec.jar;D:\SDK\Java8_181\jre\lib\ext\sunjce_provider.jar;D:\SDK\Java8_181\jre\lib\ext\sunmscapi.jar;D:\SDK\Java8_181\jre\lib\ext\sunpkcs11.jar;D:\SDK\Java8_181\jre\lib\ext\zipfs.jar;D:\SDK\Java8_181\jre\lib\javaws.jar;D:\SDK\Java8_181\jre\lib\jce.jar;D:\SDK\Java8_181\jre\lib\jfr.jar;D:\SDK\Java8_181\jre\lib\jfxswt.jar;D:\SDK\Java8_181\jre\lib\jsse.jar;D:\SDK\Java8_181\jre\lib\management-agent.jar;D:\SDK\Java8_181\jre\lib\plugin.jar;D:\SDK\Java8_181\jre\lib\resources.jar;D:\SDK\Java8_181\jre\lib\rt.jar;F:\code\Demo\zookeeper\target\classes;E:\.m2\repository\org\apache\zookeeper\zookeeper\3.6.3\zookeeper-3.6.3.jar;E:\.m2\repository\org\apache\zookeeper\zookeeper-jute\3.6.3\zookeeper-jute-3.6.3.jar;E:\.m2\repository\org\apache\yetus\audience-annotations\0.5.0\audience-annotations-0.5.0.jar;E:\.m2\repository\io\netty\netty-handler\4.1.63.Final\netty-handler-4.1.63.Final.jar;E:\.m2\repository\io\netty\netty-common\4.1.63.Final\netty-common-4.1.63.Final.jar;E:\.m2\repository\io\netty\netty-resolver\4.1.63.Final\netty-resolver-4.1.63.Final.jar;E:\.m2\repository\io\netty\netty-buffer\4.1.63.Final\netty-buffer-4.1.63.Final.jar;E:\.m2\repository\io\netty\netty-transport\4.1.63.Final\netty-transport-4.1.63.Final.jar;E:\.m2\repository\io\netty\netty-codec\4.1.63.Final\netty-codec-4.1.63.Final.jar;E:\.m2\repository\io\netty\netty-transport-native-epoll\4.1.63.Final\netty-transport-native-epoll-4.1.63.Final.jar;E:\.m2\repository\io\netty\netty-transport-native-unix-common\4.1.63.Final\netty-transport-native-unix-common-4.1.63.Final.jar;E:\.m2\repository\org\slf4j\slf4j-api\1.7.25\slf4j-api-1.7.25.jar;E:\.m2\repository\org\slf4j\slf4j-log4j12\1.7.25\slf4j-log4j12-1.7.25.jar;E:\.m2\repository\log4j\log4j\1.2.17\log4j-1.2.17.jar;D:\Programs\JetBrains\IntelliJ IDEA 2018.3.6\lib\idea_rt.jar
[INFO][2021-04-25 11:46:18,490][org.apache.zookeeper.ZooKeeper]Client environment:java.library.path=D:\SDK\Java8_181\bin;C:\windows\Sun\Java\bin;C:\windows\system32;C:\windows;D:\SDK\Python38\Scripts\;D:\SDK\Python38\;D:\Programs\NetSarang\Xshell 6\;C:\windows\system32;C:\windows;C:\windows\System32\Wbem;C:\windows\System32\WindowsPowerShell\v1.0\;C:\windows\System32\OpenSSH\;C:\Program Files (x86)\NVIDIA Corporation\PhysX\Common;C:\Program Files\NVIDIA Corporation\NVIDIA NvDLISR;C:\Program Files\Git\cmd;D:\SDK\Java8_181\bin;D:\SDK\gradle-5.4.1\bin;D:\Programs\nodejs\;C:\Users\zhangweixiao\AppData\Local\Android\Sdk\platform-tools;C:\Program Files\Git\usr\bin;D:\SDK\mysql-5.7.31-winx64\bin;C:\Program Files\Redis\;D:\Programs\dex2jar-2.0;D:\SDK\apache-maven-3.5.0\bin;D:\SDK\apache-zookeeper-3.5.8-bin\bin;C:\Program Files\JSONBuddy;C:\Users\zhangweixiao\AppData\Local\Microsoft\WindowsApps;C:\Users\zhangweixiao\AppData\Local\Programs\Fiddler;C:\Users\zhangweixiao\AppData\Roaming\npm;D:\Programs\dex2jar-2.0;;C:\Users\zhangweixiao\AppData\Local\Programs\Microsoft VS Code\bin;D:\Program Files\Graphviz\bin;.
[INFO][2021-04-25 11:46:18,490][org.apache.zookeeper.ZooKeeper]Client environment:java.io.tmpdir=C:\Users\ZHANGW~1\AppData\Local\Temp\
[INFO][2021-04-25 11:46:18,490][org.apache.zookeeper.ZooKeeper]Client environment:java.compiler=<NA>
[INFO][2021-04-25 11:46:18,490][org.apache.zookeeper.ZooKeeper]Client environment:os.name=Windows 10
[INFO][2021-04-25 11:46:18,490][org.apache.zookeeper.ZooKeeper]Client environment:os.arch=amd64
[INFO][2021-04-25 11:46:18,490][org.apache.zookeeper.ZooKeeper]Client environment:os.version=10.0
[INFO][2021-04-25 11:46:18,490][org.apache.zookeeper.ZooKeeper]Client environment:user.name=zhangweixiao
[INFO][2021-04-25 11:46:18,490][org.apache.zookeeper.ZooKeeper]Client environment:user.home=C:\Users\zhangweixiao
[INFO][2021-04-25 11:46:18,491][org.apache.zookeeper.ZooKeeper]Client environment:user.dir=F:\code\Demo\zookeeper
[INFO][2021-04-25 11:46:18,491][org.apache.zookeeper.ZooKeeper]Client environment:os.memory.free=223MB
[INFO][2021-04-25 11:46:18,492][org.apache.zookeeper.ZooKeeper]Client environment:os.memory.max=3497MB
[INFO][2021-04-25 11:46:18,492][org.apache.zookeeper.ZooKeeper]Client environment:os.memory.total=236MB
[INFO][2021-04-25 11:46:18,495][org.apache.zookeeper.ZooKeeper]Initiating client connection, connectString=localhost:2181 sessionTimeout=5000 watcher=com.tuowazi.zookeeper.ListGroup@4629104a
[INFO][2021-04-25 11:46:18,499][org.apache.zookeeper.common.X509Util]Setting -D jdk.tls.rejectClientInitiatedRenegotiation=true to disable client-initiated TLS renegotiation
[INFO][2021-04-25 11:46:18,907][org.apache.zookeeper.ClientCnxnSocket]jute.maxbuffer value is 1048575 Bytes
[INFO][2021-04-25 11:46:18,913][org.apache.zookeeper.ClientCnxn]zookeeper.request.timeout value is 0. feature enabled=false
[DEBUG][2021-04-25 11:46:18,920][org.apache.zookeeper.SaslServerPrincipal]Canonicalized address to localhost
[INFO][2021-04-25 11:46:18,921][org.apache.zookeeper.ClientCnxn]Opening socket connection to server localhost/0:0:0:0:0:0:0:1:2181.
[INFO][2021-04-25 11:46:18,922][org.apache.zookeeper.ClientCnxn]SASL config status: Will not attempt to authenticate using SASL (unknown error)
[INFO][2021-04-25 11:46:18,923][org.apache.zookeeper.ClientCnxn]Socket connection established, initiating session, client: /0:0:0:0:0:0:0:1:11566, server: localhost/0:0:0:0:0:0:0:1:2181
[DEBUG][2021-04-25 11:46:18,924][org.apache.zookeeper.ClientCnxn]Session establishment request sent on localhost/0:0:0:0:0:0:0:1:2181
[INFO][2021-04-25 11:46:18,931][org.apache.zookeeper.ClientCnxn]Session establishment complete on server localhost/0:0:0:0:0:0:0:1:2181, session id = 0x1000d2fb79d0008, negotiated timeout = 5000
[DEBUG][2021-04-25 11:46:18,938][org.apache.zookeeper.ClientCnxn]Reading reply session id: 0x1000d2fb79d0008, packet:: clientPath:null serverPath:null finished:false header:: 1,8  replyHeader:: 1,328,0  request:: '/zookeeper,F  response:: v{'config,'quota} 
[DEBUG][2021-04-25 11:46:18,939][org.apache.zookeeper.ZooKeeper]Closing session: 0x1000d2fb79d0008
[DEBUG][2021-04-25 11:46:18,940][org.apache.zookeeper.ClientCnxn]Closing client for session: 0x1000d2fb79d0008
[DEBUG][2021-04-25 11:46:18,942][org.apache.zookeeper.ClientCnxn]Reading reply session id: 0x1000d2fb79d0008, packet:: clientPath:null serverPath:null finished:false header:: 2,-11  replyHeader:: 2,329,0  request:: null response:: null
[DEBUG][2021-04-25 11:46:18,942][org.apache.zookeeper.ClientCnxn]Disconnecting client for session: 0x1000d2fb79d0008
[WARN][2021-04-25 11:46:18,943][org.apache.zookeeper.ClientCnxn]An exception was thrown while closing send thread for session 0x1000d2fb79d0008.
EndOfStreamException: Unable to read additional data from server sessionid 0x1000d2fb79d0008, likely server has closed socket
	at org.apache.zookeeper.ClientCnxnSocketNIO.doIO(ClientCnxnSocketNIO.java:77)
	at org.apache.zookeeper.ClientCnxnSocketNIO.doTransport(ClientCnxnSocketNIO.java:350)
	at org.apache.zookeeper.ClientCnxn$SendThread.run(ClientCnxn.java:1290)
[INFO][2021-04-25 11:46:19,046][org.apache.zookeeper.ZooKeeper]Session: 0x1000d2fb79d0008 closed
[INFO][2021-04-25 11:46:19,046][org.apache.zookeeper.ClientCnxn]EventThread shut down for session: 0x1000d2fb79d0008
[INFO][2021-04-25 11:47:09,661][org.apache.zookeeper.ZooKeeper]Client environment:zookeeper.version=3.6.3--6401e4ad2087061bc6b9f80dec2d69f2e3c8660a, built on 04/08/2021 16:35 GMT
[INFO][2021-04-25 11:47:09,663][org.apache.zookeeper.ZooKeeper]Client environment:host.name=LAPTOP-D0IP0ECG
[INFO][2021-04-25 11:47:09,663][org.apache.zookeeper.ZooKeeper]Client environment:java.version=1.8.0_181
[INFO][2021-04-25 11:47:09,663][org.apache.zookeeper.ZooKeeper]Client environment:java.vendor=Oracle Corporation
[INFO][2021-04-25 11:47:09,665][org.apache.zookeeper.ZooKeeper]Client environment:java.home=D:\SDK\Java8_181\jre
[INFO][2021-04-25 11:47:09,665][org.apache.zookeeper.ZooKeeper]Client environment:java.class.path=D:\SDK\Java8_181\jre\lib\charsets.jar;D:\SDK\Java8_181\jre\lib\deploy.jar;D:\SDK\Java8_181\jre\lib\ext\access-bridge-64.jar;D:\SDK\Java8_181\jre\lib\ext\cldrdata.jar;D:\SDK\Java8_181\jre\lib\ext\dnsns.jar;D:\SDK\Java8_181\jre\lib\ext\jaccess.jar;D:\SDK\Java8_181\jre\lib\ext\jfxrt.jar;D:\SDK\Java8_181\jre\lib\ext\localedata.jar;D:\SDK\Java8_181\jre\lib\ext\nashorn.jar;D:\SDK\Java8_181\jre\lib\ext\sunec.jar;D:\SDK\Java8_181\jre\lib\ext\sunjce_provider.jar;D:\SDK\Java8_181\jre\lib\ext\sunmscapi.jar;D:\SDK\Java8_181\jre\lib\ext\sunpkcs11.jar;D:\SDK\Java8_181\jre\lib\ext\zipfs.jar;D:\SDK\Java8_181\jre\lib\javaws.jar;D:\SDK\Java8_181\jre\lib\jce.jar;D:\SDK\Java8_181\jre\lib\jfr.jar;D:\SDK\Java8_181\jre\lib\jfxswt.jar;D:\SDK\Java8_181\jre\lib\jsse.jar;D:\SDK\Java8_181\jre\lib\management-agent.jar;D:\SDK\Java8_181\jre\lib\plugin.jar;D:\SDK\Java8_181\jre\lib\resources.jar;D:\SDK\Java8_181\jre\lib\rt.jar;F:\code\Demo\zookeeper\target\classes;E:\.m2\repository\org\apache\zookeeper\zookeeper\3.6.3\zookeeper-3.6.3.jar;E:\.m2\repository\org\apache\zookeeper\zookeeper-jute\3.6.3\zookeeper-jute-3.6.3.jar;E:\.m2\repository\org\apache\yetus\audience-annotations\0.5.0\audience-annotations-0.5.0.jar;E:\.m2\repository\io\netty\netty-handler\4.1.63.Final\netty-handler-4.1.63.Final.jar;E:\.m2\repository\io\netty\netty-common\4.1.63.Final\netty-common-4.1.63.Final.jar;E:\.m2\repository\io\netty\netty-resolver\4.1.63.Final\netty-resolver-4.1.63.Final.jar;E:\.m2\repository\io\netty\netty-buffer\4.1.63.Final\netty-buffer-4.1.63.Final.jar;E:\.m2\repository\io\netty\netty-transport\4.1.63.Final\netty-transport-4.1.63.Final.jar;E:\.m2\repository\io\netty\netty-codec\4.1.63.Final\netty-codec-4.1.63.Final.jar;E:\.m2\repository\io\netty\netty-transport-native-epoll\4.1.63.Final\netty-transport-native-epoll-4.1.63.Final.jar;E:\.m2\repository\io\netty\netty-transport-native-unix-common\4.1.63.Final\netty-transport-native-unix-common-4.1.63.Final.jar;E:\.m2\repository\org\slf4j\slf4j-api\1.7.25\slf4j-api-1.7.25.jar;E:\.m2\repository\org\slf4j\slf4j-log4j12\1.7.25\slf4j-log4j12-1.7.25.jar;E:\.m2\repository\log4j\log4j\1.2.17\log4j-1.2.17.jar;D:\Programs\JetBrains\IntelliJ IDEA 2018.3.6\lib\idea_rt.jar
[INFO][2021-04-25 11:47:09,665][org.apache.zookeeper.ZooKeeper]Client environment:java.library.path=D:\SDK\Java8_181\bin;C:\windows\Sun\Java\bin;C:\windows\system32;C:\windows;D:\SDK\Python38\Scripts\;D:\SDK\Python38\;D:\Programs\NetSarang\Xshell 6\;C:\windows\system32;C:\windows;C:\windows\System32\Wbem;C:\windows\System32\WindowsPowerShell\v1.0\;C:\windows\System32\OpenSSH\;C:\Program Files (x86)\NVIDIA Corporation\PhysX\Common;C:\Program Files\NVIDIA Corporation\NVIDIA NvDLISR;C:\Program Files\Git\cmd;D:\SDK\Java8_181\bin;D:\SDK\gradle-5.4.1\bin;D:\Programs\nodejs\;C:\Users\zhangweixiao\AppData\Local\Android\Sdk\platform-tools;C:\Program Files\Git\usr\bin;D:\SDK\mysql-5.7.31-winx64\bin;C:\Program Files\Redis\;D:\Programs\dex2jar-2.0;D:\SDK\apache-maven-3.5.0\bin;D:\SDK\apache-zookeeper-3.5.8-bin\bin;C:\Program Files\JSONBuddy;C:\Users\zhangweixiao\AppData\Local\Microsoft\WindowsApps;C:\Users\zhangweixiao\AppData\Local\Programs\Fiddler;C:\Users\zhangweixiao\AppData\Roaming\npm;D:\Programs\dex2jar-2.0;;C:\Users\zhangweixiao\AppData\Local\Programs\Microsoft VS Code\bin;D:\Program Files\Graphviz\bin;.
[INFO][2021-04-25 11:47:09,665][org.apache.zookeeper.ZooKeeper]Client environment:java.io.tmpdir=C:\Users\ZHANGW~1\AppData\Local\Temp\
[INFO][2021-04-25 11:47:09,665][org.apache.zookeeper.ZooKeeper]Client environment:java.compiler=<NA>
[INFO][2021-04-25 11:47:09,665][org.apache.zookeeper.ZooKeeper]Client environment:os.name=Windows 10
[INFO][2021-04-25 11:47:09,665][org.apache.zookeeper.ZooKeeper]Client environment:os.arch=amd64
[INFO][2021-04-25 11:47:09,665][org.apache.zookeeper.ZooKeeper]Client environment:os.version=10.0
[INFO][2021-04-25 11:47:09,666][org.apache.zookeeper.ZooKeeper]Client environment:user.name=zhangweixiao
[INFO][2021-04-25 11:47:09,666][org.apache.zookeeper.ZooKeeper]Client environment:user.home=C:\Users\zhangweixiao
[INFO][2021-04-25 11:47:09,666][org.apache.zookeeper.ZooKeeper]Client environment:user.dir=F:\code\Demo\zookeeper
[INFO][2021-04-25 11:47:09,666][org.apache.zookeeper.ZooKeeper]Client environment:os.memory.free=222MB
[INFO][2021-04-25 11:47:09,667][org.apache.zookeeper.ZooKeeper]Client environment:os.memory.max=3497MB
[INFO][2021-04-25 11:47:09,667][org.apache.zookeeper.ZooKeeper]Client environment:os.memory.total=236MB
[INFO][2021-04-25 11:47:09,670][org.apache.zookeeper.ZooKeeper]Initiating client connection, connectString=localhost:2181 sessionTimeout=5000 watcher=com.tuowazi.zookeeper.ListGroup@4629104a
[INFO][2021-04-25 11:47:09,674][org.apache.zookeeper.common.X509Util]Setting -D jdk.tls.rejectClientInitiatedRenegotiation=true to disable client-initiated TLS renegotiation
[INFO][2021-04-25 11:47:10,080][org.apache.zookeeper.ClientCnxnSocket]jute.maxbuffer value is 1048575 Bytes
[INFO][2021-04-25 11:47:10,086][org.apache.zookeeper.ClientCnxn]zookeeper.request.timeout value is 0. feature enabled=false
[DEBUG][2021-04-25 11:47:10,091][org.apache.zookeeper.SaslServerPrincipal]Canonicalized address to localhost
[INFO][2021-04-25 11:47:10,092][org.apache.zookeeper.ClientCnxn]Opening socket connection to server localhost/0:0:0:0:0:0:0:1:2181.
[INFO][2021-04-25 11:47:10,092][org.apache.zookeeper.ClientCnxn]SASL config status: Will not attempt to authenticate using SASL (unknown error)
[INFO][2021-04-25 11:47:10,094][org.apache.zookeeper.ClientCnxn]Socket connection established, initiating session, client: /0:0:0:0:0:0:0:1:11662, server: localhost/0:0:0:0:0:0:0:1:2181
[DEBUG][2021-04-25 11:47:10,095][org.apache.zookeeper.ClientCnxn]Session establishment request sent on localhost/0:0:0:0:0:0:0:1:2181
[INFO][2021-04-25 11:47:10,102][org.apache.zookeeper.ClientCnxn]Session establishment complete on server localhost/0:0:0:0:0:0:0:1:2181, session id = 0x1000d2fb79d0009, negotiated timeout = 5000
[DEBUG][2021-04-25 11:47:10,106][org.apache.zookeeper.ClientCnxn]Reading reply session id: 0x1000d2fb79d0009, packet:: clientPath:null serverPath:null finished:false header:: 1,8  replyHeader:: 1,330,0  request:: '/zookeeper,F  response:: v{'config,'quota} 
[DEBUG][2021-04-25 11:47:10,108][org.apache.zookeeper.ZooKeeper]Closing session: 0x1000d2fb79d0009
[DEBUG][2021-04-25 11:47:10,108][org.apache.zookeeper.ClientCnxn]Closing client for session: 0x1000d2fb79d0009
[DEBUG][2021-04-25 11:47:10,111][org.apache.zookeeper.ClientCnxn]Reading reply session id: 0x1000d2fb79d0009, packet:: clientPath:null serverPath:null finished:false header:: 2,-11  replyHeader:: 2,331,0  request:: null response:: null
[DEBUG][2021-04-25 11:47:10,111][org.apache.zookeeper.ClientCnxn]Disconnecting client for session: 0x1000d2fb79d0009
[WARN][2021-04-25 11:47:10,112][org.apache.zookeeper.ClientCnxn]An exception was thrown while closing send thread for session 0x1000d2fb79d0009.
EndOfStreamException: Unable to read additional data from server sessionid 0x1000d2fb79d0009, likely server has closed socket
	at org.apache.zookeeper.ClientCnxnSocketNIO.doIO(ClientCnxnSocketNIO.java:77)
	at org.apache.zookeeper.ClientCnxnSocketNIO.doTransport(ClientCnxnSocketNIO.java:350)
	at org.apache.zookeeper.ClientCnxn$SendThread.run(ClientCnxn.java:1290)
[INFO][2021-04-25 11:47:10,214][org.apache.zookeeper.ZooKeeper]Session: 0x1000d2fb79d0009 closed
[INFO][2021-04-25 11:47:10,214][org.apache.zookeeper.ClientCnxn]EventThread shut down for session: 0x1000d2fb79d0009
[INFO][2021-04-25 11:48:08,409][org.apache.zookeeper.ZooKeeper]Client environment:zookeeper.version=3.6.3--6401e4ad2087061bc6b9f80dec2d69f2e3c8660a, built on 04/08/2021 16:35 GMT
[INFO][2021-04-25 11:48:08,411][org.apache.zookeeper.ZooKeeper]Client environment:host.name=LAPTOP-D0IP0ECG
[INFO][2021-04-25 11:48:08,411][org.apache.zookeeper.ZooKeeper]Client environment:java.version=1.8.0_181
[INFO][2021-04-25 11:48:08,411][org.apache.zookeeper.ZooKeeper]Client environment:java.vendor=Oracle Corporation
[INFO][2021-04-25 11:48:08,413][org.apache.zookeeper.ZooKeeper]Client environment:java.home=D:\SDK\Java8_181\jre
[INFO][2021-04-25 11:48:08,413][org.apache.zookeeper.ZooKeeper]Client environment:java.class.path=D:\SDK\Java8_181\jre\lib\charsets.jar;D:\SDK\Java8_181\jre\lib\deploy.jar;D:\SDK\Java8_181\jre\lib\ext\access-bridge-64.jar;D:\SDK\Java8_181\jre\lib\ext\cldrdata.jar;D:\SDK\Java8_181\jre\lib\ext\dnsns.jar;D:\SDK\Java8_181\jre\lib\ext\jaccess.jar;D:\SDK\Java8_181\jre\lib\ext\jfxrt.jar;D:\SDK\Java8_181\jre\lib\ext\localedata.jar;D:\SDK\Java8_181\jre\lib\ext\nashorn.jar;D:\SDK\Java8_181\jre\lib\ext\sunec.jar;D:\SDK\Java8_181\jre\lib\ext\sunjce_provider.jar;D:\SDK\Java8_181\jre\lib\ext\sunmscapi.jar;D:\SDK\Java8_181\jre\lib\ext\sunpkcs11.jar;D:\SDK\Java8_181\jre\lib\ext\zipfs.jar;D:\SDK\Java8_181\jre\lib\javaws.jar;D:\SDK\Java8_181\jre\lib\jce.jar;D:\SDK\Java8_181\jre\lib\jfr.jar;D:\SDK\Java8_181\jre\lib\jfxswt.jar;D:\SDK\Java8_181\jre\lib\jsse.jar;D:\SDK\Java8_181\jre\lib\management-agent.jar;D:\SDK\Java8_181\jre\lib\plugin.jar;D:\SDK\Java8_181\jre\lib\resources.jar;D:\SDK\Java8_181\jre\lib\rt.jar;F:\code\Demo\zookeeper\target\classes;E:\.m2\repository\org\apache\zookeeper\zookeeper\3.6.3\zookeeper-3.6.3.jar;E:\.m2\repository\org\apache\zookeeper\zookeeper-jute\3.6.3\zookeeper-jute-3.6.3.jar;E:\.m2\repository\org\apache\yetus\audience-annotations\0.5.0\audience-annotations-0.5.0.jar;E:\.m2\repository\io\netty\netty-handler\4.1.63.Final\netty-handler-4.1.63.Final.jar;E:\.m2\repository\io\netty\netty-common\4.1.63.Final\netty-common-4.1.63.Final.jar;E:\.m2\repository\io\netty\netty-resolver\4.1.63.Final\netty-resolver-4.1.63.Final.jar;E:\.m2\repository\io\netty\netty-buffer\4.1.63.Final\netty-buffer-4.1.63.Final.jar;E:\.m2\repository\io\netty\netty-transport\4.1.63.Final\netty-transport-4.1.63.Final.jar;E:\.m2\repository\io\netty\netty-codec\4.1.63.Final\netty-codec-4.1.63.Final.jar;E:\.m2\repository\io\netty\netty-transport-native-epoll\4.1.63.Final\netty-transport-native-epoll-4.1.63.Final.jar;E:\.m2\repository\io\netty\netty-transport-native-unix-common\4.1.63.Final\netty-transport-native-unix-common-4.1.63.Final.jar;E:\.m2\repository\org\slf4j\slf4j-api\1.7.25\slf4j-api-1.7.25.jar;E:\.m2\repository\org\slf4j\slf4j-log4j12\1.7.25\slf4j-log4j12-1.7.25.jar;E:\.m2\repository\log4j\log4j\1.2.17\log4j-1.2.17.jar;D:\Programs\JetBrains\IntelliJ IDEA 2018.3.6\lib\idea_rt.jar
[INFO][2021-04-25 11:48:08,413][org.apache.zookeeper.ZooKeeper]Client environment:java.library.path=D:\SDK\Java8_181\bin;C:\windows\Sun\Java\bin;C:\windows\system32;C:\windows;D:\SDK\Python38\Scripts\;D:\SDK\Python38\;D:\Programs\NetSarang\Xshell 6\;C:\windows\system32;C:\windows;C:\windows\System32\Wbem;C:\windows\System32\WindowsPowerShell\v1.0\;C:\windows\System32\OpenSSH\;C:\Program Files (x86)\NVIDIA Corporation\PhysX\Common;C:\Program Files\NVIDIA Corporation\NVIDIA NvDLISR;C:\Program Files\Git\cmd;D:\SDK\Java8_181\bin;D:\SDK\gradle-5.4.1\bin;D:\Programs\nodejs\;C:\Users\zhangweixiao\AppData\Local\Android\Sdk\platform-tools;C:\Program Files\Git\usr\bin;D:\SDK\mysql-5.7.31-winx64\bin;C:\Program Files\Redis\;D:\Programs\dex2jar-2.0;D:\SDK\apache-maven-3.5.0\bin;D:\SDK\apache-zookeeper-3.5.8-bin\bin;C:\Program Files\JSONBuddy;C:\Users\zhangweixiao\AppData\Local\Microsoft\WindowsApps;C:\Users\zhangweixiao\AppData\Local\Programs\Fiddler;C:\Users\zhangweixiao\AppData\Roaming\npm;D:\Programs\dex2jar-2.0;;C:\Users\zhangweixiao\AppData\Local\Programs\Microsoft VS Code\bin;D:\Program Files\Graphviz\bin;.
[INFO][2021-04-25 11:48:08,413][org.apache.zookeeper.ZooKeeper]Client environment:java.io.tmpdir=C:\Users\ZHANGW~1\AppData\Local\Temp\
[INFO][2021-04-25 11:48:08,413][org.apache.zookeeper.ZooKeeper]Client environment:java.compiler=<NA>
[INFO][2021-04-25 11:48:08,413][org.apache.zookeeper.ZooKeeper]Client environment:os.name=Windows 10
[INFO][2021-04-25 11:48:08,414][org.apache.zookeeper.ZooKeeper]Client environment:os.arch=amd64
[INFO][2021-04-25 11:48:08,414][org.apache.zookeeper.ZooKeeper]Client environment:os.version=10.0
[INFO][2021-04-25 11:48:08,414][org.apache.zookeeper.ZooKeeper]Client environment:user.name=zhangweixiao
[INFO][2021-04-25 11:48:08,414][org.apache.zookeeper.ZooKeeper]Client environment:user.home=C:\Users\zhangweixiao
[INFO][2021-04-25 11:48:08,414][org.apache.zookeeper.ZooKeeper]Client environment:user.dir=F:\code\Demo\zookeeper
[INFO][2021-04-25 11:48:08,414][org.apache.zookeeper.ZooKeeper]Client environment:os.memory.free=222MB
[INFO][2021-04-25 11:48:08,415][org.apache.zookeeper.ZooKeeper]Client environment:os.memory.max=3497MB
[INFO][2021-04-25 11:48:08,415][org.apache.zookeeper.ZooKeeper]Client environment:os.memory.total=236MB
[INFO][2021-04-25 11:48:08,419][org.apache.zookeeper.ZooKeeper]Initiating client connection, connectString=localhost:2181 sessionTimeout=5000 watcher=com.tuowazi.zookeeper.ListGroup@4629104a
[INFO][2021-04-25 11:48:08,422][org.apache.zookeeper.common.X509Util]Setting -D jdk.tls.rejectClientInitiatedRenegotiation=true to disable client-initiated TLS renegotiation
[INFO][2021-04-25 11:48:08,779][org.apache.zookeeper.ClientCnxnSocket]jute.maxbuffer value is 1048575 Bytes
[INFO][2021-04-25 11:48:08,785][org.apache.zookeeper.ClientCnxn]zookeeper.request.timeout value is 0. feature enabled=false
[DEBUG][2021-04-25 11:48:08,792][org.apache.zookeeper.SaslServerPrincipal]Canonicalized address to localhost
[INFO][2021-04-25 11:48:08,794][org.apache.zookeeper.ClientCnxn]Opening socket connection to server localhost/0:0:0:0:0:0:0:1:2181.
[INFO][2021-04-25 11:48:08,794][org.apache.zookeeper.ClientCnxn]SASL config status: Will not attempt to authenticate using SASL (unknown error)
[WARN][2021-04-25 11:48:10,798][org.apache.zookeeper.ClientCnxn]Session 0x0 for sever localhost/0:0:0:0:0:0:0:1:2181, Closing socket connection. Attempting reconnect except it is a SessionExpiredException.
java.net.ConnectException: Connection refused: no further information
	at sun.nio.ch.SocketChannelImpl.checkConnect(Native Method)
	at sun.nio.ch.SocketChannelImpl.finishConnect(SocketChannelImpl.java:717)
	at org.apache.zookeeper.ClientCnxnSocketNIO.doTransport(ClientCnxnSocketNIO.java:344)
	at org.apache.zookeeper.ClientCnxn$SendThread.run(ClientCnxn.java:1290)
[DEBUG][2021-04-25 11:48:10,799][org.apache.zookeeper.ClientCnxnSocketNIO]Ignoring exception during shutdown input
java.nio.channels.ClosedChannelException
	at sun.nio.ch.SocketChannelImpl.shutdownInput(SocketChannelImpl.java:780)
	at sun.nio.ch.SocketAdaptor.shutdownInput(SocketAdaptor.java:399)
	at org.apache.zookeeper.ClientCnxnSocketNIO.cleanup(ClientCnxnSocketNIO.java:193)
	at org.apache.zookeeper.ClientCnxn$SendThread.cleanup(ClientCnxn.java:1390)
	at org.apache.zookeeper.ClientCnxn$SendThread.cleanAndNotifyState(ClientCnxn.java:1331)
	at org.apache.zookeeper.ClientCnxn$SendThread.run(ClientCnxn.java:1309)
[DEBUG][2021-04-25 11:48:10,800][org.apache.zookeeper.ClientCnxnSocketNIO]Ignoring exception during shutdown output
java.nio.channels.ClosedChannelException
	at sun.nio.ch.SocketChannelImpl.shutdownOutput(SocketChannelImpl.java:797)
	at sun.nio.ch.SocketAdaptor.shutdownOutput(SocketAdaptor.java:407)
	at org.apache.zookeeper.ClientCnxnSocketNIO.cleanup(ClientCnxnSocketNIO.java:198)
	at org.apache.zookeeper.ClientCnxn$SendThread.cleanup(ClientCnxn.java:1390)
	at org.apache.zookeeper.ClientCnxn$SendThread.cleanAndNotifyState(ClientCnxn.java:1331)
	at org.apache.zookeeper.ClientCnxn$SendThread.run(ClientCnxn.java:1309)
[INFO][2021-04-25 11:48:16,077][org.apache.zookeeper.ZooKeeper]Client environment:zookeeper.version=3.6.3--6401e4ad2087061bc6b9f80dec2d69f2e3c8660a, built on 04/08/2021 16:35 GMT
[INFO][2021-04-25 11:48:16,079][org.apache.zookeeper.ZooKeeper]Client environment:host.name=LAPTOP-D0IP0ECG
[INFO][2021-04-25 11:48:16,079][org.apache.zookeeper.ZooKeeper]Client environment:java.version=1.8.0_181
[INFO][2021-04-25 11:48:16,079][org.apache.zookeeper.ZooKeeper]Client environment:java.vendor=Oracle Corporation
[INFO][2021-04-25 11:48:16,080][org.apache.zookeeper.ZooKeeper]Client environment:java.home=D:\SDK\Java8_181\jre
[INFO][2021-04-25 11:48:16,080][org.apache.zookeeper.ZooKeeper]Client environment:java.class.path=D:\SDK\Java8_181\jre\lib\charsets.jar;D:\SDK\Java8_181\jre\lib\deploy.jar;D:\SDK\Java8_181\jre\lib\ext\access-bridge-64.jar;D:\SDK\Java8_181\jre\lib\ext\cldrdata.jar;D:\SDK\Java8_181\jre\lib\ext\dnsns.jar;D:\SDK\Java8_181\jre\lib\ext\jaccess.jar;D:\SDK\Java8_181\jre\lib\ext\jfxrt.jar;D:\SDK\Java8_181\jre\lib\ext\localedata.jar;D:\SDK\Java8_181\jre\lib\ext\nashorn.jar;D:\SDK\Java8_181\jre\lib\ext\sunec.jar;D:\SDK\Java8_181\jre\lib\ext\sunjce_provider.jar;D:\SDK\Java8_181\jre\lib\ext\sunmscapi.jar;D:\SDK\Java8_181\jre\lib\ext\sunpkcs11.jar;D:\SDK\Java8_181\jre\lib\ext\zipfs.jar;D:\SDK\Java8_181\jre\lib\javaws.jar;D:\SDK\Java8_181\jre\lib\jce.jar;D:\SDK\Java8_181\jre\lib\jfr.jar;D:\SDK\Java8_181\jre\lib\jfxswt.jar;D:\SDK\Java8_181\jre\lib\jsse.jar;D:\SDK\Java8_181\jre\lib\management-agent.jar;D:\SDK\Java8_181\jre\lib\plugin.jar;D:\SDK\Java8_181\jre\lib\resources.jar;D:\SDK\Java8_181\jre\lib\rt.jar;F:\code\Demo\zookeeper\target\classes;E:\.m2\repository\org\apache\zookeeper\zookeeper\3.6.3\zookeeper-3.6.3.jar;E:\.m2\repository\org\apache\zookeeper\zookeeper-jute\3.6.3\zookeeper-jute-3.6.3.jar;E:\.m2\repository\org\apache\yetus\audience-annotations\0.5.0\audience-annotations-0.5.0.jar;E:\.m2\repository\io\netty\netty-handler\4.1.63.Final\netty-handler-4.1.63.Final.jar;E:\.m2\repository\io\netty\netty-common\4.1.63.Final\netty-common-4.1.63.Final.jar;E:\.m2\repository\io\netty\netty-resolver\4.1.63.Final\netty-resolver-4.1.63.Final.jar;E:\.m2\repository\io\netty\netty-buffer\4.1.63.Final\netty-buffer-4.1.63.Final.jar;E:\.m2\repository\io\netty\netty-transport\4.1.63.Final\netty-transport-4.1.63.Final.jar;E:\.m2\repository\io\netty\netty-codec\4.1.63.Final\netty-codec-4.1.63.Final.jar;E:\.m2\repository\io\netty\netty-transport-native-epoll\4.1.63.Final\netty-transport-native-epoll-4.1.63.Final.jar;E:\.m2\repository\io\netty\netty-transport-native-unix-common\4.1.63.Final\netty-transport-native-unix-common-4.1.63.Final.jar;E:\.m2\repository\org\slf4j\slf4j-api\1.7.25\slf4j-api-1.7.25.jar;E:\.m2\repository\org\slf4j\slf4j-log4j12\1.7.25\slf4j-log4j12-1.7.25.jar;E:\.m2\repository\log4j\log4j\1.2.17\log4j-1.2.17.jar;D:\Programs\JetBrains\IntelliJ IDEA 2018.3.6\lib\idea_rt.jar
[INFO][2021-04-25 11:48:16,081][org.apache.zookeeper.ZooKeeper]Client environment:java.library.path=D:\SDK\Java8_181\bin;C:\windows\Sun\Java\bin;C:\windows\system32;C:\windows;D:\SDK\Python38\Scripts\;D:\SDK\Python38\;D:\Programs\NetSarang\Xshell 6\;C:\windows\system32;C:\windows;C:\windows\System32\Wbem;C:\windows\System32\WindowsPowerShell\v1.0\;C:\windows\System32\OpenSSH\;C:\Program Files (x86)\NVIDIA Corporation\PhysX\Common;C:\Program Files\NVIDIA Corporation\NVIDIA NvDLISR;C:\Program Files\Git\cmd;D:\SDK\Java8_181\bin;D:\SDK\gradle-5.4.1\bin;D:\Programs\nodejs\;C:\Users\zhangweixiao\AppData\Local\Android\Sdk\platform-tools;C:\Program Files\Git\usr\bin;D:\SDK\mysql-5.7.31-winx64\bin;C:\Program Files\Redis\;D:\Programs\dex2jar-2.0;D:\SDK\apache-maven-3.5.0\bin;D:\SDK\apache-zookeeper-3.5.8-bin\bin;C:\Program Files\JSONBuddy;C:\Users\zhangweixiao\AppData\Local\Microsoft\WindowsApps;C:\Users\zhangweixiao\AppData\Local\Programs\Fiddler;C:\Users\zhangweixiao\AppData\Roaming\npm;D:\Programs\dex2jar-2.0;;C:\Users\zhangweixiao\AppData\Local\Programs\Microsoft VS Code\bin;D:\Program Files\Graphviz\bin;.
[INFO][2021-04-25 11:48:16,081][org.apache.zookeeper.ZooKeeper]Client environment:java.io.tmpdir=C:\Users\ZHANGW~1\AppData\Local\Temp\
[INFO][2021-04-25 11:48:16,081][org.apache.zookeeper.ZooKeeper]Client environment:java.compiler=<NA>
[INFO][2021-04-25 11:48:16,081][org.apache.zookeeper.ZooKeeper]Client environment:os.name=Windows 10
[INFO][2021-04-25 11:48:16,081][org.apache.zookeeper.ZooKeeper]Client environment:os.arch=amd64
[INFO][2021-04-25 11:48:16,081][org.apache.zookeeper.ZooKeeper]Client environment:os.version=10.0
[INFO][2021-04-25 11:48:16,081][org.apache.zookeeper.ZooKeeper]Client environment:user.name=zhangweixiao
[INFO][2021-04-25 11:48:16,081][org.apache.zookeeper.ZooKeeper]Client environment:user.home=C:\Users\zhangweixiao
[INFO][2021-04-25 11:48:16,081][org.apache.zookeeper.ZooKeeper]Client environment:user.dir=F:\code\Demo\zookeeper
[INFO][2021-04-25 11:48:16,081][org.apache.zookeeper.ZooKeeper]Client environment:os.memory.free=222MB
[INFO][2021-04-25 11:48:16,082][org.apache.zookeeper.ZooKeeper]Client environment:os.memory.max=3497MB
[INFO][2021-04-25 11:48:16,083][org.apache.zookeeper.ZooKeeper]Client environment:os.memory.total=236MB
[INFO][2021-04-25 11:48:16,086][org.apache.zookeeper.ZooKeeper]Initiating client connection, connectString=localhost:2181 sessionTimeout=5000 watcher=com.tuowazi.zookeeper.ListGroup@4629104a
[INFO][2021-04-25 11:48:16,089][org.apache.zookeeper.common.X509Util]Setting -D jdk.tls.rejectClientInitiatedRenegotiation=true to disable client-initiated TLS renegotiation
[INFO][2021-04-25 11:48:16,459][org.apache.zookeeper.ClientCnxnSocket]jute.maxbuffer value is 1048575 Bytes
[INFO][2021-04-25 11:48:16,465][org.apache.zookeeper.ClientCnxn]zookeeper.request.timeout value is 0. feature enabled=false
[DEBUG][2021-04-25 11:48:16,470][org.apache.zookeeper.SaslServerPrincipal]Canonicalized address to localhost
[INFO][2021-04-25 11:48:16,472][org.apache.zookeeper.ClientCnxn]Opening socket connection to server localhost/127.0.0.1:2181.
[INFO][2021-04-25 11:48:16,472][org.apache.zookeeper.ClientCnxn]SASL config status: Will not attempt to authenticate using SASL (unknown error)
[WARN][2021-04-25 11:48:18,475][org.apache.zookeeper.ClientCnxn]Session 0x0 for sever localhost/127.0.0.1:2181, Closing socket connection. Attempting reconnect except it is a SessionExpiredException.
java.net.ConnectException: Connection refused: no further information
	at sun.nio.ch.SocketChannelImpl.checkConnect(Native Method)
	at sun.nio.ch.SocketChannelImpl.finishConnect(SocketChannelImpl.java:717)
	at org.apache.zookeeper.ClientCnxnSocketNIO.doTransport(ClientCnxnSocketNIO.java:344)
	at org.apache.zookeeper.ClientCnxn$SendThread.run(ClientCnxn.java:1290)
[DEBUG][2021-04-25 11:48:18,477][org.apache.zookeeper.ClientCnxnSocketNIO]Ignoring exception during shutdown input
java.nio.channels.ClosedChannelException
	at sun.nio.ch.SocketChannelImpl.shutdownInput(SocketChannelImpl.java:780)
	at sun.nio.ch.SocketAdaptor.shutdownInput(SocketAdaptor.java:399)
	at org.apache.zookeeper.ClientCnxnSocketNIO.cleanup(ClientCnxnSocketNIO.java:193)
	at org.apache.zookeeper.ClientCnxn$SendThread.cleanup(ClientCnxn.java:1390)
	at org.apache.zookeeper.ClientCnxn$SendThread.cleanAndNotifyState(ClientCnxn.java:1331)
	at org.apache.zookeeper.ClientCnxn$SendThread.run(ClientCnxn.java:1309)
[DEBUG][2021-04-25 11:48:18,478][org.apache.zookeeper.ClientCnxnSocketNIO]Ignoring exception during shutdown output
java.nio.channels.ClosedChannelException
	at sun.nio.ch.SocketChannelImpl.shutdownOutput(SocketChannelImpl.java:797)
	at sun.nio.ch.SocketAdaptor.shutdownOutput(SocketAdaptor.java:407)
	at org.apache.zookeeper.ClientCnxnSocketNIO.cleanup(ClientCnxnSocketNIO.java:198)
	at org.apache.zookeeper.ClientCnxn$SendThread.cleanup(ClientCnxn.java:1390)
	at org.apache.zookeeper.ClientCnxn$SendThread.cleanAndNotifyState(ClientCnxn.java:1331)
	at org.apache.zookeeper.ClientCnxn$SendThread.run(ClientCnxn.java:1309)
[INFO][2021-04-25 11:48:35,997][org.apache.zookeeper.ZooKeeper]Client environment:zookeeper.version=3.6.3--6401e4ad2087061bc6b9f80dec2d69f2e3c8660a, built on 04/08/2021 16:35 GMT
[INFO][2021-04-25 11:48:35,999][org.apache.zookeeper.ZooKeeper]Client environment:host.name=LAPTOP-D0IP0ECG
[INFO][2021-04-25 11:48:35,999][org.apache.zookeeper.ZooKeeper]Client environment:java.version=1.8.0_181
[INFO][2021-04-25 11:48:35,999][org.apache.zookeeper.ZooKeeper]Client environment:java.vendor=Oracle Corporation
[INFO][2021-04-25 11:48:36,001][org.apache.zookeeper.ZooKeeper]Client environment:java.home=D:\SDK\Java8_181\jre
[INFO][2021-04-25 11:48:36,001][org.apache.zookeeper.ZooKeeper]Client environment:java.class.path=D:\SDK\Java8_181\jre\lib\charsets.jar;D:\SDK\Java8_181\jre\lib\deploy.jar;D:\SDK\Java8_181\jre\lib\ext\access-bridge-64.jar;D:\SDK\Java8_181\jre\lib\ext\cldrdata.jar;D:\SDK\Java8_181\jre\lib\ext\dnsns.jar;D:\SDK\Java8_181\jre\lib\ext\jaccess.jar;D:\SDK\Java8_181\jre\lib\ext\jfxrt.jar;D:\SDK\Java8_181\jre\lib\ext\localedata.jar;D:\SDK\Java8_181\jre\lib\ext\nashorn.jar;D:\SDK\Java8_181\jre\lib\ext\sunec.jar;D:\SDK\Java8_181\jre\lib\ext\sunjce_provider.jar;D:\SDK\Java8_181\jre\lib\ext\sunmscapi.jar;D:\SDK\Java8_181\jre\lib\ext\sunpkcs11.jar;D:\SDK\Java8_181\jre\lib\ext\zipfs.jar;D:\SDK\Java8_181\jre\lib\javaws.jar;D:\SDK\Java8_181\jre\lib\jce.jar;D:\SDK\Java8_181\jre\lib\jfr.jar;D:\SDK\Java8_181\jre\lib\jfxswt.jar;D:\SDK\Java8_181\jre\lib\jsse.jar;D:\SDK\Java8_181\jre\lib\management-agent.jar;D:\SDK\Java8_181\jre\lib\plugin.jar;D:\SDK\Java8_181\jre\lib\resources.jar;D:\SDK\Java8_181\jre\lib\rt.jar;F:\code\Demo\zookeeper\target\classes;E:\.m2\repository\org\apache\zookeeper\zookeeper\3.6.3\zookeeper-3.6.3.jar;E:\.m2\repository\org\apache\zookeeper\zookeeper-jute\3.6.3\zookeeper-jute-3.6.3.jar;E:\.m2\repository\org\apache\yetus\audience-annotations\0.5.0\audience-annotations-0.5.0.jar;E:\.m2\repository\io\netty\netty-handler\4.1.63.Final\netty-handler-4.1.63.Final.jar;E:\.m2\repository\io\netty\netty-common\4.1.63.Final\netty-common-4.1.63.Final.jar;E:\.m2\repository\io\netty\netty-resolver\4.1.63.Final\netty-resolver-4.1.63.Final.jar;E:\.m2\repository\io\netty\netty-buffer\4.1.63.Final\netty-buffer-4.1.63.Final.jar;E:\.m2\repository\io\netty\netty-transport\4.1.63.Final\netty-transport-4.1.63.Final.jar;E:\.m2\repository\io\netty\netty-codec\4.1.63.Final\netty-codec-4.1.63.Final.jar;E:\.m2\repository\io\netty\netty-transport-native-epoll\4.1.63.Final\netty-transport-native-epoll-4.1.63.Final.jar;E:\.m2\repository\io\netty\netty-transport-native-unix-common\4.1.63.Final\netty-transport-native-unix-common-4.1.63.Final.jar;E:\.m2\repository\org\slf4j\slf4j-api\1.7.25\slf4j-api-1.7.25.jar;E:\.m2\repository\org\slf4j\slf4j-log4j12\1.7.25\slf4j-log4j12-1.7.25.jar;E:\.m2\repository\log4j\log4j\1.2.17\log4j-1.2.17.jar;D:\Programs\JetBrains\IntelliJ IDEA 2018.3.6\lib\idea_rt.jar
[INFO][2021-04-25 11:48:36,001][org.apache.zookeeper.ZooKeeper]Client environment:java.library.path=D:\SDK\Java8_181\bin;C:\windows\Sun\Java\bin;C:\windows\system32;C:\windows;D:\SDK\Python38\Scripts\;D:\SDK\Python38\;D:\Programs\NetSarang\Xshell 6\;C:\windows\system32;C:\windows;C:\windows\System32\Wbem;C:\windows\System32\WindowsPowerShell\v1.0\;C:\windows\System32\OpenSSH\;C:\Program Files (x86)\NVIDIA Corporation\PhysX\Common;C:\Program Files\NVIDIA Corporation\NVIDIA NvDLISR;C:\Program Files\Git\cmd;D:\SDK\Java8_181\bin;D:\SDK\gradle-5.4.1\bin;D:\Programs\nodejs\;C:\Users\zhangweixiao\AppData\Local\Android\Sdk\platform-tools;C:\Program Files\Git\usr\bin;D:\SDK\mysql-5.7.31-winx64\bin;C:\Program Files\Redis\;D:\Programs\dex2jar-2.0;D:\SDK\apache-maven-3.5.0\bin;D:\SDK\apache-zookeeper-3.5.8-bin\bin;C:\Program Files\JSONBuddy;C:\Users\zhangweixiao\AppData\Local\Microsoft\WindowsApps;C:\Users\zhangweixiao\AppData\Local\Programs\Fiddler;C:\Users\zhangweixiao\AppData\Roaming\npm;D:\Programs\dex2jar-2.0;;C:\Users\zhangweixiao\AppData\Local\Programs\Microsoft VS Code\bin;D:\Program Files\Graphviz\bin;.
[INFO][2021-04-25 11:48:36,001][org.apache.zookeeper.ZooKeeper]Client environment:java.io.tmpdir=C:\Users\ZHANGW~1\AppData\Local\Temp\
[INFO][2021-04-25 11:48:36,001][org.apache.zookeeper.ZooKeeper]Client environment:java.compiler=<NA>
[INFO][2021-04-25 11:48:36,001][org.apache.zookeeper.ZooKeeper]Client environment:os.name=Windows 10
[INFO][2021-04-25 11:48:36,001][org.apache.zookeeper.ZooKeeper]Client environment:os.arch=amd64
[INFO][2021-04-25 11:48:36,002][org.apache.zookeeper.ZooKeeper]Client environment:os.version=10.0
[INFO][2021-04-25 11:48:36,002][org.apache.zookeeper.ZooKeeper]Client environment:user.name=zhangweixiao
[INFO][2021-04-25 11:48:36,002][org.apache.zookeeper.ZooKeeper]Client environment:user.home=C:\Users\zhangweixiao
[INFO][2021-04-25 11:48:36,002][org.apache.zookeeper.ZooKeeper]Client environment:user.dir=F:\code\Demo\zookeeper
[INFO][2021-04-25 11:48:36,002][org.apache.zookeeper.ZooKeeper]Client environment:os.memory.free=222MB
[INFO][2021-04-25 11:48:36,003][org.apache.zookeeper.ZooKeeper]Client environment:os.memory.max=3497MB
[INFO][2021-04-25 11:48:36,003][org.apache.zookeeper.ZooKeeper]Client environment:os.memory.total=236MB
[INFO][2021-04-25 11:48:36,007][org.apache.zookeeper.ZooKeeper]Initiating client connection, connectString=localhost:2181 sessionTimeout=5000 watcher=com.tuowazi.zookeeper.ListGroup@4629104a
[INFO][2021-04-25 11:48:36,011][org.apache.zookeeper.common.X509Util]Setting -D jdk.tls.rejectClientInitiatedRenegotiation=true to disable client-initiated TLS renegotiation
[INFO][2021-04-25 11:48:36,352][org.apache.zookeeper.ClientCnxnSocket]jute.maxbuffer value is 1048575 Bytes
[INFO][2021-04-25 11:48:36,358][org.apache.zookeeper.ClientCnxn]zookeeper.request.timeout value is 0. feature enabled=false
[DEBUG][2021-04-25 11:48:36,363][org.apache.zookeeper.SaslServerPrincipal]Canonicalized address to localhost
[INFO][2021-04-25 11:48:36,365][org.apache.zookeeper.ClientCnxn]Opening socket connection to server localhost/127.0.0.1:2181.
[INFO][2021-04-25 11:48:36,365][org.apache.zookeeper.ClientCnxn]SASL config status: Will not attempt to authenticate using SASL (unknown error)
[INFO][2021-04-25 11:48:36,366][org.apache.zookeeper.ClientCnxn]Socket connection established, initiating session, client: /127.0.0.1:11815, server: localhost/127.0.0.1:2181
[DEBUG][2021-04-25 11:48:36,367][org.apache.zookeeper.ClientCnxn]Session establishment request sent on localhost/127.0.0.1:2181
[INFO][2021-04-25 11:48:36,377][org.apache.zookeeper.ClientCnxn]Session establishment complete on server localhost/127.0.0.1:2181, session id = 0x1000d4222e90000, negotiated timeout = 5000
[DEBUG][2021-04-25 11:48:36,383][org.apache.zookeeper.ClientCnxn]Reading reply session id: 0x1000d4222e90000, packet:: clientPath:null serverPath:null finished:false header:: 1,8  replyHeader:: 1,332,0  request:: '/zookeeper,F  response:: v{'config,'quota} 
[DEBUG][2021-04-25 11:48:36,385][org.apache.zookeeper.ZooKeeper]Closing session: 0x1000d4222e90000
[DEBUG][2021-04-25 11:48:36,385][org.apache.zookeeper.ClientCnxn]Closing client for session: 0x1000d4222e90000
[DEBUG][2021-04-25 11:48:36,388][org.apache.zookeeper.ClientCnxn]Reading reply session id: 0x1000d4222e90000, packet:: clientPath:null serverPath:null finished:false header:: 2,-11  replyHeader:: 2,333,0  request:: null response:: null
[DEBUG][2021-04-25 11:48:36,389][org.apache.zookeeper.ClientCnxn]Disconnecting client for session: 0x1000d4222e90000
[WARN][2021-04-25 11:48:36,389][org.apache.zookeeper.ClientCnxn]An exception was thrown while closing send thread for session 0x1000d4222e90000.
EndOfStreamException: Unable to read additional data from server sessionid 0x1000d4222e90000, likely server has closed socket
	at org.apache.zookeeper.ClientCnxnSocketNIO.doIO(ClientCnxnSocketNIO.java:77)
	at org.apache.zookeeper.ClientCnxnSocketNIO.doTransport(ClientCnxnSocketNIO.java:350)
	at org.apache.zookeeper.ClientCnxn$SendThread.run(ClientCnxn.java:1290)
[INFO][2021-04-25 11:48:36,492][org.apache.zookeeper.ZooKeeper]Session: 0x1000d4222e90000 closed
[INFO][2021-04-25 11:48:36,492][org.apache.zookeeper.ClientCnxn]EventThread shut down for session: 0x1000d4222e90000
[INFO][2021-04-25 11:51:01,050][org.apache.zookeeper.ZooKeeper]Client environment:zookeeper.version=3.6.3--6401e4ad2087061bc6b9f80dec2d69f2e3c8660a, built on 04/08/2021 16:35 GMT
[INFO][2021-04-25 11:51:01,052][org.apache.zookeeper.ZooKeeper]Client environment:host.name=LAPTOP-D0IP0ECG
[INFO][2021-04-25 11:51:01,052][org.apache.zookeeper.ZooKeeper]Client environment:java.version=1.8.0_181
[INFO][2021-04-25 11:51:01,052][org.apache.zookeeper.ZooKeeper]Client environment:java.vendor=Oracle Corporation
[INFO][2021-04-25 11:51:01,054][org.apache.zookeeper.ZooKeeper]Client environment:java.home=D:\SDK\Java8_181\jre
[INFO][2021-04-25 11:51:01,054][org.apache.zookeeper.ZooKeeper]Client environment:java.class.path=D:\SDK\Java8_181\jre\lib\charsets.jar;D:\SDK\Java8_181\jre\lib\deploy.jar;D:\SDK\Java8_181\jre\lib\ext\access-bridge-64.jar;D:\SDK\Java8_181\jre\lib\ext\cldrdata.jar;D:\SDK\Java8_181\jre\lib\ext\dnsns.jar;D:\SDK\Java8_181\jre\lib\ext\jaccess.jar;D:\SDK\Java8_181\jre\lib\ext\jfxrt.jar;D:\SDK\Java8_181\jre\lib\ext\localedata.jar;D:\SDK\Java8_181\jre\lib\ext\nashorn.jar;D:\SDK\Java8_181\jre\lib\ext\sunec.jar;D:\SDK\Java8_181\jre\lib\ext\sunjce_provider.jar;D:\SDK\Java8_181\jre\lib\ext\sunmscapi.jar;D:\SDK\Java8_181\jre\lib\ext\sunpkcs11.jar;D:\SDK\Java8_181\jre\lib\ext\zipfs.jar;D:\SDK\Java8_181\jre\lib\javaws.jar;D:\SDK\Java8_181\jre\lib\jce.jar;D:\SDK\Java8_181\jre\lib\jfr.jar;D:\SDK\Java8_181\jre\lib\jfxswt.jar;D:\SDK\Java8_181\jre\lib\jsse.jar;D:\SDK\Java8_181\jre\lib\management-agent.jar;D:\SDK\Java8_181\jre\lib\plugin.jar;D:\SDK\Java8_181\jre\lib\resources.jar;D:\SDK\Java8_181\jre\lib\rt.jar;F:\code\Demo\zookeeper\target\classes;E:\.m2\repository\org\apache\zookeeper\zookeeper\3.6.3\zookeeper-3.6.3.jar;E:\.m2\repository\org\apache\zookeeper\zookeeper-jute\3.6.3\zookeeper-jute-3.6.3.jar;E:\.m2\repository\org\apache\yetus\audience-annotations\0.5.0\audience-annotations-0.5.0.jar;E:\.m2\repository\io\netty\netty-handler\4.1.63.Final\netty-handler-4.1.63.Final.jar;E:\.m2\repository\io\netty\netty-common\4.1.63.Final\netty-common-4.1.63.Final.jar;E:\.m2\repository\io\netty\netty-resolver\4.1.63.Final\netty-resolver-4.1.63.Final.jar;E:\.m2\repository\io\netty\netty-buffer\4.1.63.Final\netty-buffer-4.1.63.Final.jar;E:\.m2\repository\io\netty\netty-transport\4.1.63.Final\netty-transport-4.1.63.Final.jar;E:\.m2\repository\io\netty\netty-codec\4.1.63.Final\netty-codec-4.1.63.Final.jar;E:\.m2\repository\io\netty\netty-transport-native-epoll\4.1.63.Final\netty-transport-native-epoll-4.1.63.Final.jar;E:\.m2\repository\io\netty\netty-transport-native-unix-common\4.1.63.Final\netty-transport-native-unix-common-4.1.63.Final.jar;E:\.m2\repository\org\slf4j\slf4j-api\1.7.25\slf4j-api-1.7.25.jar;E:\.m2\repository\org\slf4j\slf4j-log4j12\1.7.25\slf4j-log4j12-1.7.25.jar;E:\.m2\repository\log4j\log4j\1.2.17\log4j-1.2.17.jar;D:\Programs\JetBrains\IntelliJ IDEA 2018.3.6\lib\idea_rt.jar
[INFO][2021-04-25 11:51:01,054][org.apache.zookeeper.ZooKeeper]Client environment:java.library.path=D:\SDK\Java8_181\bin;C:\windows\Sun\Java\bin;C:\windows\system32;C:\windows;D:\SDK\Python38\Scripts\;D:\SDK\Python38\;D:\Programs\NetSarang\Xshell 6\;C:\windows\system32;C:\windows;C:\windows\System32\Wbem;C:\windows\System32\WindowsPowerShell\v1.0\;C:\windows\System32\OpenSSH\;C:\Program Files (x86)\NVIDIA Corporation\PhysX\Common;C:\Program Files\NVIDIA Corporation\NVIDIA NvDLISR;C:\Program Files\Git\cmd;D:\SDK\Java8_181\bin;D:\SDK\gradle-5.4.1\bin;D:\Programs\nodejs\;C:\Users\zhangweixiao\AppData\Local\Android\Sdk\platform-tools;C:\Program Files\Git\usr\bin;D:\SDK\mysql-5.7.31-winx64\bin;C:\Program Files\Redis\;D:\Programs\dex2jar-2.0;D:\SDK\apache-maven-3.5.0\bin;D:\SDK\apache-zookeeper-3.5.8-bin\bin;C:\Program Files\JSONBuddy;C:\Users\zhangweixiao\AppData\Local\Microsoft\WindowsApps;C:\Users\zhangweixiao\AppData\Local\Programs\Fiddler;C:\Users\zhangweixiao\AppData\Roaming\npm;D:\Programs\dex2jar-2.0;;C:\Users\zhangweixiao\AppData\Local\Programs\Microsoft VS Code\bin;D:\Program Files\Graphviz\bin;.
[INFO][2021-04-25 11:51:01,054][org.apache.zookeeper.ZooKeeper]Client environment:java.io.tmpdir=C:\Users\ZHANGW~1\AppData\Local\Temp\
[INFO][2021-04-25 11:51:01,054][org.apache.zookeeper.ZooKeeper]Client environment:java.compiler=<NA>
[INFO][2021-04-25 11:51:01,054][org.apache.zookeeper.ZooKeeper]Client environment:os.name=Windows 10
[INFO][2021-04-25 11:51:01,054][org.apache.zookeeper.ZooKeeper]Client environment:os.arch=amd64
[INFO][2021-04-25 11:51:01,054][org.apache.zookeeper.ZooKeeper]Client environment:os.version=10.0
[INFO][2021-04-25 11:51:01,054][org.apache.zookeeper.ZooKeeper]Client environment:user.name=zhangweixiao
[INFO][2021-04-25 11:51:01,054][org.apache.zookeeper.ZooKeeper]Client environment:user.home=C:\Users\zhangweixiao
[INFO][2021-04-25 11:51:01,055][org.apache.zookeeper.ZooKeeper]Client environment:user.dir=F:\code\Demo\zookeeper
[INFO][2021-04-25 11:51:01,055][org.apache.zookeeper.ZooKeeper]Client environment:os.memory.free=222MB
[INFO][2021-04-25 11:51:01,056][org.apache.zookeeper.ZooKeeper]Client environment:os.memory.max=3497MB
[INFO][2021-04-25 11:51:01,056][org.apache.zookeeper.ZooKeeper]Client environment:os.memory.total=236MB
[INFO][2021-04-25 11:51:01,059][org.apache.zookeeper.ZooKeeper]Initiating client connection, connectString=localhost:2181 sessionTimeout=5000 watcher=com.tuowazi.zookeeper.ListGroup@4629104a
[INFO][2021-04-25 11:51:01,062][org.apache.zookeeper.common.X509Util]Setting -D jdk.tls.rejectClientInitiatedRenegotiation=true to disable client-initiated TLS renegotiation
[INFO][2021-04-25 11:51:01,405][org.apache.zookeeper.ClientCnxnSocket]jute.maxbuffer value is 1048575 Bytes
[INFO][2021-04-25 11:51:01,411][org.apache.zookeeper.ClientCnxn]zookeeper.request.timeout value is 0. feature enabled=false
[DEBUG][2021-04-25 11:51:01,416][org.apache.zookeeper.SaslServerPrincipal]Canonicalized address to localhost
[INFO][2021-04-25 11:51:01,418][org.apache.zookeeper.ClientCnxn]Opening socket connection to server localhost/127.0.0.1:2181.
[INFO][2021-04-25 11:51:01,418][org.apache.zookeeper.ClientCnxn]SASL config status: Will not attempt to authenticate using SASL (unknown error)
[INFO][2021-04-25 11:51:01,420][org.apache.zookeeper.ClientCnxn]Socket connection established, initiating session, client: /127.0.0.1:12017, server: localhost/127.0.0.1:2181
[DEBUG][2021-04-25 11:51:01,421][org.apache.zookeeper.ClientCnxn]Session establishment request sent on localhost/127.0.0.1:2181
[INFO][2021-04-25 11:51:01,436][org.apache.zookeeper.ClientCnxn]Session establishment complete on server localhost/127.0.0.1:2181, session id = 0x1000d4382e60001, negotiated timeout = 5000
[DEBUG][2021-04-25 11:51:01,441][org.apache.zookeeper.ClientCnxn]Reading reply session id: 0x1000d4382e60001, packet:: clientPath:null serverPath:null finished:false header:: 1,8  replyHeader:: 1,2,0  request:: '/zookeeper,F  response:: v{'config,'quota} 
[DEBUG][2021-04-25 11:51:01,443][org.apache.zookeeper.ZooKeeper]Closing session: 0x1000d4382e60001
[DEBUG][2021-04-25 11:51:01,443][org.apache.zookeeper.ClientCnxn]Closing client for session: 0x1000d4382e60001
[DEBUG][2021-04-25 11:51:01,446][org.apache.zookeeper.ClientCnxn]Reading reply session id: 0x1000d4382e60001, packet:: clientPath:null serverPath:null finished:false header:: 2,-11  replyHeader:: 2,3,0  request:: null response:: null
[DEBUG][2021-04-25 11:51:01,446][org.apache.zookeeper.ClientCnxn]Disconnecting client for session: 0x1000d4382e60001
[WARN][2021-04-25 11:51:01,447][org.apache.zookeeper.ClientCnxn]An exception was thrown while closing send thread for session 0x1000d4382e60001.
EndOfStreamException: Unable to read additional data from server sessionid 0x1000d4382e60001, likely server has closed socket
	at org.apache.zookeeper.ClientCnxnSocketNIO.doIO(ClientCnxnSocketNIO.java:77)
	at org.apache.zookeeper.ClientCnxnSocketNIO.doTransport(ClientCnxnSocketNIO.java:350)
	at org.apache.zookeeper.ClientCnxn$SendThread.run(ClientCnxn.java:1290)
[INFO][2021-04-25 11:51:01,551][org.apache.zookeeper.ZooKeeper]Session: 0x1000d4382e60001 closed
[INFO][2021-04-25 11:51:01,551][org.apache.zookeeper.ClientCnxn]EventThread shut down for session: 0x1000d4382e60001
[INFO][2021-04-25 11:51:10,361][org.apache.zookeeper.ZooKeeper]Client environment:zookeeper.version=3.6.3--6401e4ad2087061bc6b9f80dec2d69f2e3c8660a, built on 04/08/2021 16:35 GMT
[INFO][2021-04-25 11:51:10,363][org.apache.zookeeper.ZooKeeper]Client environment:host.name=LAPTOP-D0IP0ECG
[INFO][2021-04-25 11:51:10,363][org.apache.zookeeper.ZooKeeper]Client environment:java.version=1.8.0_181
[INFO][2021-04-25 11:51:10,363][org.apache.zookeeper.ZooKeeper]Client environment:java.vendor=Oracle Corporation
[INFO][2021-04-25 11:51:10,364][org.apache.zookeeper.ZooKeeper]Client environment:java.home=D:\SDK\Java8_181\jre
[INFO][2021-04-25 11:51:10,364][org.apache.zookeeper.ZooKeeper]Client environment:java.class.path=D:\SDK\Java8_181\jre\lib\charsets.jar;D:\SDK\Java8_181\jre\lib\deploy.jar;D:\SDK\Java8_181\jre\lib\ext\access-bridge-64.jar;D:\SDK\Java8_181\jre\lib\ext\cldrdata.jar;D:\SDK\Java8_181\jre\lib\ext\dnsns.jar;D:\SDK\Java8_181\jre\lib\ext\jaccess.jar;D:\SDK\Java8_181\jre\lib\ext\jfxrt.jar;D:\SDK\Java8_181\jre\lib\ext\localedata.jar;D:\SDK\Java8_181\jre\lib\ext\nashorn.jar;D:\SDK\Java8_181\jre\lib\ext\sunec.jar;D:\SDK\Java8_181\jre\lib\ext\sunjce_provider.jar;D:\SDK\Java8_181\jre\lib\ext\sunmscapi.jar;D:\SDK\Java8_181\jre\lib\ext\sunpkcs11.jar;D:\SDK\Java8_181\jre\lib\ext\zipfs.jar;D:\SDK\Java8_181\jre\lib\javaws.jar;D:\SDK\Java8_181\jre\lib\jce.jar;D:\SDK\Java8_181\jre\lib\jfr.jar;D:\SDK\Java8_181\jre\lib\jfxswt.jar;D:\SDK\Java8_181\jre\lib\jsse.jar;D:\SDK\Java8_181\jre\lib\management-agent.jar;D:\SDK\Java8_181\jre\lib\plugin.jar;D:\SDK\Java8_181\jre\lib\resources.jar;D:\SDK\Java8_181\jre\lib\rt.jar;F:\code\Demo\zookeeper\target\classes;E:\.m2\repository\org\apache\zookeeper\zookeeper\3.6.3\zookeeper-3.6.3.jar;E:\.m2\repository\org\apache\zookeeper\zookeeper-jute\3.6.3\zookeeper-jute-3.6.3.jar;E:\.m2\repository\org\apache\yetus\audience-annotations\0.5.0\audience-annotations-0.5.0.jar;E:\.m2\repository\io\netty\netty-handler\4.1.63.Final\netty-handler-4.1.63.Final.jar;E:\.m2\repository\io\netty\netty-common\4.1.63.Final\netty-common-4.1.63.Final.jar;E:\.m2\repository\io\netty\netty-resolver\4.1.63.Final\netty-resolver-4.1.63.Final.jar;E:\.m2\repository\io\netty\netty-buffer\4.1.63.Final\netty-buffer-4.1.63.Final.jar;E:\.m2\repository\io\netty\netty-transport\4.1.63.Final\netty-transport-4.1.63.Final.jar;E:\.m2\repository\io\netty\netty-codec\4.1.63.Final\netty-codec-4.1.63.Final.jar;E:\.m2\repository\io\netty\netty-transport-native-epoll\4.1.63.Final\netty-transport-native-epoll-4.1.63.Final.jar;E:\.m2\repository\io\netty\netty-transport-native-unix-common\4.1.63.Final\netty-transport-native-unix-common-4.1.63.Final.jar;E:\.m2\repository\org\slf4j\slf4j-api\1.7.25\slf4j-api-1.7.25.jar;E:\.m2\repository\org\slf4j\slf4j-log4j12\1.7.25\slf4j-log4j12-1.7.25.jar;E:\.m2\repository\log4j\log4j\1.2.17\log4j-1.2.17.jar;D:\Programs\JetBrains\IntelliJ IDEA 2018.3.6\lib\idea_rt.jar
[INFO][2021-04-25 11:51:10,365][org.apache.zookeeper.ZooKeeper]Client environment:java.library.path=D:\SDK\Java8_181\bin;C:\windows\Sun\Java\bin;C:\windows\system32;C:\windows;D:\SDK\Python38\Scripts\;D:\SDK\Python38\;D:\Programs\NetSarang\Xshell 6\;C:\windows\system32;C:\windows;C:\windows\System32\Wbem;C:\windows\System32\WindowsPowerShell\v1.0\;C:\windows\System32\OpenSSH\;C:\Program Files (x86)\NVIDIA Corporation\PhysX\Common;C:\Program Files\NVIDIA Corporation\NVIDIA NvDLISR;C:\Program Files\Git\cmd;D:\SDK\Java8_181\bin;D:\SDK\gradle-5.4.1\bin;D:\Programs\nodejs\;C:\Users\zhangweixiao\AppData\Local\Android\Sdk\platform-tools;C:\Program Files\Git\usr\bin;D:\SDK\mysql-5.7.31-winx64\bin;C:\Program Files\Redis\;D:\Programs\dex2jar-2.0;D:\SDK\apache-maven-3.5.0\bin;D:\SDK\apache-zookeeper-3.5.8-bin\bin;C:\Program Files\JSONBuddy;C:\Users\zhangweixiao\AppData\Local\Microsoft\WindowsApps;C:\Users\zhangweixiao\AppData\Local\Programs\Fiddler;C:\Users\zhangweixiao\AppData\Roaming\npm;D:\Programs\dex2jar-2.0;;C:\Users\zhangweixiao\AppData\Local\Programs\Microsoft VS Code\bin;D:\Program Files\Graphviz\bin;.
[INFO][2021-04-25 11:51:10,365][org.apache.zookeeper.ZooKeeper]Client environment:java.io.tmpdir=C:\Users\ZHANGW~1\AppData\Local\Temp\
[INFO][2021-04-25 11:51:10,365][org.apache.zookeeper.ZooKeeper]Client environment:java.compiler=<NA>
[INFO][2021-04-25 11:51:10,365][org.apache.zookeeper.ZooKeeper]Client environment:os.name=Windows 10
[INFO][2021-04-25 11:51:10,365][org.apache.zookeeper.ZooKeeper]Client environment:os.arch=amd64
[INFO][2021-04-25 11:51:10,365][org.apache.zookeeper.ZooKeeper]Client environment:os.version=10.0
[INFO][2021-04-25 11:51:10,365][org.apache.zookeeper.ZooKeeper]Client environment:user.name=zhangweixiao
[INFO][2021-04-25 11:51:10,365][org.apache.zookeeper.ZooKeeper]Client environment:user.home=C:\Users\zhangweixiao
[INFO][2021-04-25 11:51:10,365][org.apache.zookeeper.ZooKeeper]Client environment:user.dir=F:\code\Demo\zookeeper
[INFO][2021-04-25 11:51:10,365][org.apache.zookeeper.ZooKeeper]Client environment:os.memory.free=222MB
[INFO][2021-04-25 11:51:10,366][org.apache.zookeeper.ZooKeeper]Client environment:os.memory.max=3497MB
[INFO][2021-04-25 11:51:10,367][org.apache.zookeeper.ZooKeeper]Client environment:os.memory.total=236MB
[INFO][2021-04-25 11:51:10,370][org.apache.zookeeper.ZooKeeper]Initiating client connection, connectString=localhost:2181 sessionTimeout=5000 watcher=com.tuowazi.zookeeper.ListGroup@4629104a
[INFO][2021-04-25 11:51:10,373][org.apache.zookeeper.common.X509Util]Setting -D jdk.tls.rejectClientInitiatedRenegotiation=true to disable client-initiated TLS renegotiation
[INFO][2021-04-25 11:51:10,712][org.apache.zookeeper.ClientCnxnSocket]jute.maxbuffer value is 1048575 Bytes
[INFO][2021-04-25 11:51:10,719][org.apache.zookeeper.ClientCnxn]zookeeper.request.timeout value is 0. feature enabled=false
[DEBUG][2021-04-25 11:51:10,725][org.apache.zookeeper.SaslServerPrincipal]Canonicalized address to localhost
[INFO][2021-04-25 11:51:10,727][org.apache.zookeeper.ClientCnxn]Opening socket connection to server localhost/127.0.0.1:2181.
[INFO][2021-04-25 11:51:10,727][org.apache.zookeeper.ClientCnxn]SASL config status: Will not attempt to authenticate using SASL (unknown error)
[INFO][2021-04-25 11:51:10,728][org.apache.zookeeper.ClientCnxn]Socket connection established, initiating session, client: /127.0.0.1:12033, server: localhost/127.0.0.1:2181
[DEBUG][2021-04-25 11:51:10,728][org.apache.zookeeper.ClientCnxn]Session establishment request sent on localhost/127.0.0.1:2181
[INFO][2021-04-25 11:51:10,738][org.apache.zookeeper.ClientCnxn]Session establishment complete on server localhost/127.0.0.1:2181, session id = 0x1000d4382e60002, negotiated timeout = 5000
[DEBUG][2021-04-25 11:51:10,742][org.apache.zookeeper.ClientCnxn]Reading reply session id: 0x1000d4382e60002, packet:: clientPath:null serverPath:null finished:false header:: 1,8  replyHeader:: 1,4,0  request:: '/zookeeper,F  response:: v{'config,'quota} 
[DEBUG][2021-04-25 11:51:10,744][org.apache.zookeeper.ZooKeeper]Closing session: 0x1000d4382e60002
[DEBUG][2021-04-25 11:51:10,744][org.apache.zookeeper.ClientCnxn]Closing client for session: 0x1000d4382e60002
[DEBUG][2021-04-25 11:51:10,746][org.apache.zookeeper.ClientCnxn]Reading reply session id: 0x1000d4382e60002, packet:: clientPath:null serverPath:null finished:false header:: 2,-11  replyHeader:: 2,5,0  request:: null response:: null
[DEBUG][2021-04-25 11:51:10,746][org.apache.zookeeper.ClientCnxn]Disconnecting client for session: 0x1000d4382e60002
[WARN][2021-04-25 11:51:10,746][org.apache.zookeeper.ClientCnxn]An exception was thrown while closing send thread for session 0x1000d4382e60002.
EndOfStreamException: Unable to read additional data from server sessionid 0x1000d4382e60002, likely server has closed socket
	at org.apache.zookeeper.ClientCnxnSocketNIO.doIO(ClientCnxnSocketNIO.java:77)
	at org.apache.zookeeper.ClientCnxnSocketNIO.doTransport(ClientCnxnSocketNIO.java:350)
	at org.apache.zookeeper.ClientCnxn$SendThread.run(ClientCnxn.java:1290)
[INFO][2021-04-25 11:51:10,850][org.apache.zookeeper.ZooKeeper]Session: 0x1000d4382e60002 closed
[INFO][2021-04-25 11:51:10,850][org.apache.zookeeper.ClientCnxn]EventThread shut down for session: 0x1000d4382e60002
